<?xml version="1.0" encoding="UTF-8"?>
<!-- Generated by org.testng.reporters.JUnitReportReporter -->
<testsuite hostname="dell" failures="0" tests="19" name="HomePageTest" time="1.685" errors="1" timestamp="2023-02-14T18:18:24 CET" skipped="18">
  <testcase classname="HomePageTest" name="testPretragePoTipuPrevozaVoz" time="0.000">
    <skipped/>
  </testcase> <!-- testPretragePoTipuPrevozaVoz -->
  <system-out/>
  <testcase classname="HomePageTest" name="testBrojStavkiPoStrani" time="0.000">
    <skipped/>
  </testcase> <!-- testBrojStavkiPoStrani -->
  <system-out/>
  <testcase classname="HomePageTest" name="testDaLiImaBrojStavkiPoStrani50" time="0.000">
    <skipped/>
  </testcase> <!-- testDaLiImaBrojStavkiPoStrani50 -->
  <system-out/>
  <testcase classname="HomePageTest" name="testRezervacijeAranzmana" time="0.000">
    <skipped/>
  </testcase> <!-- testRezervacijeAranzmana -->
  <system-out/>
  <testcase classname="HomePageTest" name="testDaLiImaBrojStavkiPoStrani25" time="0.000">
    <skipped/>
  </testcase> <!-- testDaLiImaBrojStavkiPoStrani25 -->
  <system-out/>
  <testcase classname="HomePageTest" name="testPretragePoDeluNazivaAranzmana" time="0.000">
    <skipped/>
  </testcase> <!-- testPretragePoDeluNazivaAranzmana -->
  <system-out/>
  <testcase classname="HomePageTest" name="testPretragePoTipuPrevozaSamostalniPrevoz" time="0.000">
    <skipped/>
  </testcase> <!-- testPretragePoTipuPrevozaSamostalniPrevoz -->
  <system-out/>
  <testcase classname="HomePageTest" name="testPretragePoTipuPrevozaAutobus" time="0.000">
    <skipped/>
  </testcase> <!-- testPretragePoTipuPrevozaAutobus -->
  <system-out/>
  <testcase classname="HomePageTest" name="testPretragePoTipuPrevozaAvion" time="0.000">
    <skipped/>
  </testcase> <!-- testPretragePoTipuPrevozaAvion -->
  <system-out/>
  <testcase classname="HomePageTest" name="testPretragePoNazivuAranzmana" time="0.000">
    <skipped/>
  </testcase> <!-- testPretragePoNazivuAranzmana -->
  <system-out/>
  <testcase classname="HomePageTest" name="testPojedinacnePonude" time="0.000">
    <skipped/>
  </testcase> <!-- testPojedinacnePonude -->
  <system-out/>
  <testcase classname="HomePageTest" name="testPodrazumevanogBrojaStavkiPoStrani" time="0.000">
    <skipped/>
  </testcase> <!-- testPodrazumevanogBrojaStavkiPoStrani -->
  <system-out/>
  <testcase classname="HomePageTest" name="beforeMethod" time="1.685">
    <error message="unknown error: net::ERR_CONNECTION_REFUSED
  (Session info: chrome=110.0.5481.77)
Build info: version: &#039;4.1.4&#039;, revision: &#039;535d840ee2&#039;
System info: host: &#039;dell&#039;, ip: &#039;192.168.43.161&#039;, os.name: &#039;Linux&#039;, os.arch: &#039;amd64&#039;, os.version: &#039;5.15.0-60-generic&#039;, java.version: &#039;19.0.2&#039;
Driver info: org.openqa.selenium.chrome.ChromeDriver
Command: [c2fc793ce4d39e1c313a0eccf42e31d9, get {url=http://localhost:3000}]
Capabilities {acceptInsecureCerts: false, browserName: chrome, browserVersion: 110.0.5481.77, chrome: {chromedriverVersion: 110.0.5481.77 (65ed616c6e8e..., userDataDir: /tmp/.com.google.Chrome.cbuyaS}, goog:chromeOptions: {debuggerAddress: localhost:41139}, javascriptEnabled: true, networkConnectionEnabled: false, pageLoadStrategy: normal, platform: LINUX, platformName: LINUX, proxy: Proxy(), se:cdp: ws://localhost:41139/devtoo..., se:cdpVersion: 110.0.5481.77, setWindowRect: true, strictFileInteractability: false, timeouts: {implicit: 0, pageLoad: 300000, script: 30000}, unhandledPromptBehavior: dismiss and notify, webauthn:extension:credBlob: true, webauthn:extension:largeBlob: true, webauthn:virtualAuthenticators: true}
Session ID: c2fc793ce4d39e1c313a0eccf42e31d9" type="org.openqa.selenium.WebDriverException">
      <![CDATA[org.openqa.selenium.WebDriverException: unknown error: net::ERR_CONNECTION_REFUSED
  (Session info: chrome=110.0.5481.77)
Build info: version: '4.1.4', revision: '535d840ee2'
System info: host: 'dell', ip: '192.168.43.161', os.name: 'Linux', os.arch: 'amd64', os.version: '5.15.0-60-generic', java.version: '19.0.2'
Driver info: org.openqa.selenium.chrome.ChromeDriver
Command: [c2fc793ce4d39e1c313a0eccf42e31d9, get {url=http://localhost:3000}]
Capabilities {acceptInsecureCerts: false, browserName: chrome, browserVersion: 110.0.5481.77, chrome: {chromedriverVersion: 110.0.5481.77 (65ed616c6e8e..., userDataDir: /tmp/.com.google.Chrome.cbuyaS}, goog:chromeOptions: {debuggerAddress: localhost:41139}, javascriptEnabled: true, networkConnectionEnabled: false, pageLoadStrategy: normal, platform: LINUX, platformName: LINUX, proxy: Proxy(), se:cdp: ws://localhost:41139/devtoo..., se:cdpVersion: 110.0.5481.77, setWindowRect: true, strictFileInteractability: false, timeouts: {implicit: 0, pageLoad: 300000, script: 30000}, unhandledPromptBehavior: dismiss and notify, webauthn:extension:credBlob: true, webauthn:extension:largeBlob: true, webauthn:virtualAuthenticators: true}
Session ID: c2fc793ce4d39e1c313a0eccf42e31d9
at java.base/jdk.internal.reflect.DirectConstructorHandleAccessor.newInstance(DirectConstructorHandleAccessor.java:67)
at java.base/java.lang.reflect.Constructor.newInstanceWithCaller(Constructor.java:500)
at java.base/java.lang.reflect.Constructor.newInstance(Constructor.java:484)
at org.openqa.selenium.remote.codec.w3c.W3CHttpResponseCodec.createException(W3CHttpResponseCodec.java:200)
at org.openqa.selenium.remote.codec.w3c.W3CHttpResponseCodec.decode(W3CHttpResponseCodec.java:133)
at org.openqa.selenium.remote.codec.w3c.W3CHttpResponseCodec.decode(W3CHttpResponseCodec.java:53)
at org.openqa.selenium.remote.HttpCommandExecutor.execute(HttpCommandExecutor.java:184)
at org.openqa.selenium.remote.service.DriverCommandExecutor.invokeExecute(DriverCommandExecutor.java:167)
at org.openqa.selenium.remote.service.DriverCommandExecutor.execute(DriverCommandExecutor.java:142)
at org.openqa.selenium.remote.RemoteWebDriver.execute(RemoteWebDriver.java:567)
at org.openqa.selenium.remote.RemoteWebDriver.get(RemoteWebDriver.java:330)
at org.openqa.selenium.remote.RemoteWebDriver$RemoteNavigation.to(RemoteWebDriver.java:1022)
at HomePageTest.beforeMethod(HomePageTest.java:35)
at java.base/jdk.internal.reflect.DirectMethodHandleAccessor.invoke(DirectMethodHandleAccessor.java:104)
at java.base/java.lang.reflect.Method.invoke(Method.java:578)
at org.testng.internal.invokers.MethodInvocationHelper.invokeMethod(MethodInvocationHelper.java:135)
at org.testng.internal.invokers.MethodInvocationHelper.invokeMethodConsideringTimeout(MethodInvocationHelper.java:65)
at org.testng.internal.invokers.ConfigInvoker.invokeConfigurationMethod(ConfigInvoker.java:381)
at org.testng.internal.invokers.ConfigInvoker.invokeConfigurations(ConfigInvoker.java:319)
at org.testng.internal.invokers.TestInvoker.runConfigMethods(TestInvoker.java:803)
at org.testng.internal.invokers.TestInvoker.invokeMethod(TestInvoker.java:589)
at org.testng.internal.invokers.TestInvoker.invokeTestMethod(TestInvoker.java:220)
at org.testng.internal.invokers.MethodRunner.runInSequence(MethodRunner.java:50)
at org.testng.internal.invokers.TestInvoker$MethodInvocationAgent.invoke(TestInvoker.java:945)
at org.testng.internal.invokers.TestInvoker.invokeTestMethods(TestInvoker.java:193)
at org.testng.internal.invokers.TestMethodWorker.invokeTestMethods(TestMethodWorker.java:146)
at org.testng.internal.invokers.TestMethodWorker.run(TestMethodWorker.java:128)
at java.base/java.util.ArrayList.forEach(ArrayList.java:1511)
at org.testng.TestRunner.privateRun(TestRunner.java:808)
at org.testng.TestRunner.run(TestRunner.java:603)
at org.testng.SuiteRunner.runTest(SuiteRunner.java:429)
at org.testng.SuiteRunner.runSequentially(SuiteRunner.java:423)
at org.testng.SuiteRunner.privateRun(SuiteRunner.java:383)
at org.testng.SuiteRunner.run(SuiteRunner.java:326)
at org.testng.SuiteRunnerWorker.runSuite(SuiteRunnerWorker.java:52)
at org.testng.SuiteRunnerWorker.run(SuiteRunnerWorker.java:95)
at org.testng.TestNG.runSuitesSequentially(TestNG.java:1249)
at org.testng.TestNG.runSuitesLocally(TestNG.java:1169)
at org.testng.TestNG.runSuites(TestNG.java:1092)
at org.testng.TestNG.run(TestNG.java:1060)
at org.apache.maven.surefire.testng.TestNGExecutor.run(TestNGExecutor.java:77)
at org.apache.maven.surefire.testng.TestNGDirectoryTestSuite.executeMulti(TestNGDirectoryTestSuite.java:159)
at org.apache.maven.surefire.testng.TestNGDirectoryTestSuite.execute(TestNGDirectoryTestSuite.java:99)
at org.apache.maven.surefire.testng.TestNGProvider.invoke(TestNGProvider.java:106)
at java.base/jdk.internal.reflect.DirectMethodHandleAccessor.invoke(DirectMethodHandleAccessor.java:104)
at java.base/java.lang.reflect.Method.invoke(Method.java:578)
at org.apache.maven.surefire.util.ReflectionUtils.invokeMethodWithArray(ReflectionUtils.java:189)
at org.apache.maven.surefire.booter.ProviderFactory$ProviderProxy.invoke(ProviderFactory.java:165)
at org.apache.maven.surefire.booter.ProviderFactory.invokeProvider(ProviderFactory.java:85)
at org.apache.maven.surefire.booter.ForkedBooter.runSuitesInProcess(ForkedBooter.java:115)
at org.apache.maven.surefire.booter.ForkedBooter.main(ForkedBooter.java:75)
]]>
    </error>
  </testcase> <!-- beforeMethod -->
  <system-out/>
  <testcase classname="HomePageTest" name="testPretragePoTipuPrevozaBrod" time="0.000">
    <skipped/>
  </testcase> <!-- testPretragePoTipuPrevozaBrod -->
  <system-out/>
  <testcase classname="HomePageTest" name="testDaLiImaBrojStavkiPoStrani200" time="0.000">
    <skipped/>
  </testcase> <!-- testDaLiImaBrojStavkiPoStrani200 -->
  <system-out/>
  <testcase classname="HomePageTest" name="testDaLiImaBrojStavkiPoStrani100" time="0.000">
    <skipped/>
  </testcase> <!-- testDaLiImaBrojStavkiPoStrani100 -->
  <system-out/>
  <testcase classname="HomePageTest" name="testPrevoz" time="0.000">
    <skipped/>
  </testcase> <!-- testPrevoz -->
  <system-out/>
  <testcase classname="HomePageTest" name="testPretragePoDrzavi">
    <skipped/>
  </testcase> <!-- testPretragePoDrzavi -->
  <system-out/>
  <testcase classname="HomePageTest" name="testPretragePoGradu">
    <skipped/>
  </testcase> <!-- testPretragePoGradu -->
  <system-out/>
</testsuite> <!-- HomePageTest -->
