<!DOCTYPE html>

<html>
  <head>
  <meta charset='utf-8'>
  <title>TestNG reports</title>

    <link type="text/css" href="testng-reports1.css" rel="stylesheet" id="ultra" />
    <link type="text/css" href="testng-reports.css" rel="stylesheet" id="retro" disabled="false"/>
    <script type="text/javascript" src="jquery.min.js"></script>
    <script type="text/javascript" src="testng-reports.js"></script>
    <script type="text/javascript" src="https://www.google.com/jsapi"></script>
    <script type='text/javascript'>
      google.load('visualization', '1', {packages:['table']});
      google.setOnLoadCallback(drawTable);
      var suiteTableInitFunctions = new Array();
      var suiteTableData = new Array();
    </script>
    <!--
      <script type="text/javascript" src="jquery-ui/js/jquery-ui-1.8.16.custom.min.js"></script>
     -->
  </head>

  <body>
    <div class="top-banner-root">
      <span class="top-banner-title-font">Test results</span>
      <button id="button" class="button">Switch Retro Theme</button> <!-- button -->
      <br/>
      <span class="top-banner-font-1">1 suite</span>
    </div> <!-- top-banner-root -->
    <div class="navigator-root">
      <div class="navigator-suite-header">
        <span>All suites</span>
        <a href="#" title="Collapse/expand all the suites" class="collapse-all-link">
          <img src="collapseall.gif" class="collapse-all-icon">
          </img> <!-- collapse-all-icon -->
        </a> <!-- collapse-all-link -->
      </div> <!-- navigator-suite-header -->
      <div class="suite">
        <div class="rounded-window">
          <div class="suite-header light-rounded-window-top">
            <a href="#" panel-name="suite-Command_line_suite" class="navigator-link">
              <span class="suite-name border-skipped">Command line suite</span>
            </a> <!-- navigator-link -->
          </div> <!-- suite-header light-rounded-window-top -->
          <div class="navigator-suite-content">
            <div class="suite-section-title">
              <span>Info</span>
            </div> <!-- suite-section-title -->
            <div class="suite-section-content">
              <ul>
                <li>
                  <a href="#" panel-name="test-xml-Command_line_suite" class="navigator-link ">
                    <span>[unset file name]</span>
                  </a> <!-- navigator-link  -->
                </li>
                <li>
                  <a href="#" panel-name="testlist-Command_line_suite" class="navigator-link ">
                    <span class="test-stats">1 test</span>
                  </a> <!-- navigator-link  -->
                </li>
                <li>
                  <a href="#" panel-name="group-Command_line_suite" class="navigator-link ">
                    <span>0 groups</span>
                  </a> <!-- navigator-link  -->
                </li>
                <li>
                  <a href="#" panel-name="times-Command_line_suite" class="navigator-link ">
                    <span>Times</span>
                  </a> <!-- navigator-link  -->
                </li>
                <li>
                  <a href="#" panel-name="reporter-Command_line_suite" class="navigator-link ">
                    <span>Reporter output</span>
                  </a> <!-- navigator-link  -->
                </li>
                <li>
                  <a href="#" panel-name="ignored-methods-Command_line_suite" class="navigator-link ">
                    <span>Ignored methods</span>
                  </a> <!-- navigator-link  -->
                </li>
                <li>
                  <a href="#" panel-name="chronological-Command_line_suite" class="navigator-link ">
                    <span>Chronological view</span>
                  </a> <!-- navigator-link  -->
                </li>
              </ul>
            </div> <!-- suite-section-content -->
            <div class="result-section">
              <div class="suite-section-title">
                <span>Results</span>
              </div> <!-- suite-section-title -->
              <div class="suite-section-content">
                <ul>
                  <li>
                    <span class="method-stats">20 methods,  20 skipped,  </span>
                  </li>
                  <li>
                    <span class="method-list-title skipped">Skipped methods</span>
                    <span class="show-or-hide-methods skipped">
                      <a href="#" panel-name="suite-Command_line_suite" class="hide-methods skipped suite-Command_line_suite"> (hide)</a> <!-- hide-methods skipped suite-Command_line_suite -->
                      <a href="#" panel-name="suite-Command_line_suite" class="show-methods skipped suite-Command_line_suite"> (show)</a> <!-- show-methods skipped suite-Command_line_suite -->
                    </span>
                    <div class="method-list-content skipped suite-Command_line_suite">
                      <span>
                        <img src="skipped.png" width="3%"/>
                        <a href="#" panel-name="suite-Command_line_suite" title="AdminTest" class="method navigator-link" hash-for-method="brisanjeAranzmana">brisanjeAranzmana</a> <!-- method navigator-link -->
                      </span>
                      <br/>
                      <span>
                        <img src="skipped.png" width="3%"/>
                        <a href="#" panel-name="suite-Command_line_suite" title="HomePageTest" class="method navigator-link" hash-for-method="testBrojStavkiPoStrani">testBrojStavkiPoStrani</a> <!-- method navigator-link -->
                      </span>
                      <br/>
                      <span>
                        <img src="skipped.png" width="3%"/>
                        <a href="#" panel-name="suite-Command_line_suite" title="HomePageTest" class="method navigator-link" hash-for-method="testDaLiImaBrojStavkiPoStrani100">testDaLiImaBrojStavkiPoStrani100</a> <!-- method navigator-link -->
                      </span>
                      <br/>
                      <span>
                        <img src="skipped.png" width="3%"/>
                        <a href="#" panel-name="suite-Command_line_suite" title="HomePageTest" class="method navigator-link" hash-for-method="testDaLiImaBrojStavkiPoStrani200">testDaLiImaBrojStavkiPoStrani200</a> <!-- method navigator-link -->
                      </span>
                      <br/>
                      <span>
                        <img src="skipped.png" width="3%"/>
                        <a href="#" panel-name="suite-Command_line_suite" title="HomePageTest" class="method navigator-link" hash-for-method="testDaLiImaBrojStavkiPoStrani25">testDaLiImaBrojStavkiPoStrani25</a> <!-- method navigator-link -->
                      </span>
                      <br/>
                      <span>
                        <img src="skipped.png" width="3%"/>
                        <a href="#" panel-name="suite-Command_line_suite" title="HomePageTest" class="method navigator-link" hash-for-method="testDaLiImaBrojStavkiPoStrani50">testDaLiImaBrojStavkiPoStrani50</a> <!-- method navigator-link -->
                      </span>
                      <br/>
                      <span>
                        <img src="skipped.png" width="3%"/>
                        <a href="#" panel-name="suite-Command_line_suite" title="AdminTest" class="method navigator-link" hash-for-method="testDodajAranzman">testDodajAranzman</a> <!-- method navigator-link -->
                      </span>
                      <br/>
                      <span>
                        <img src="skipped.png" width="3%"/>
                        <a href="#" panel-name="suite-Command_line_suite" title="LoginPageTest" class="method navigator-link" hash-for-method="testLoginAdmin">testLoginAdmin</a> <!-- method navigator-link -->
                      </span>
                      <br/>
                      <span>
                        <img src="skipped.png" width="3%"/>
                        <a href="#" panel-name="suite-Command_line_suite" title="LoginPageTest" class="method navigator-link" hash-for-method="testLoginStaff">testLoginStaff</a> <!-- method navigator-link -->
                      </span>
                      <br/>
                      <span>
                        <img src="skipped.png" width="3%"/>
                        <a href="#" panel-name="suite-Command_line_suite" title="HomePageTest" class="method navigator-link" hash-for-method="testPodrazumevanogBrojaStavkiPoStrani">testPodrazumevanogBrojaStavkiPoStrani</a> <!-- method navigator-link -->
                      </span>
                      <br/>
                      <span>
                        <img src="skipped.png" width="3%"/>
                        <a href="#" panel-name="suite-Command_line_suite" title="HomePageTest" class="method navigator-link" hash-for-method="testPojedinacnePonude">testPojedinacnePonude</a> <!-- method navigator-link -->
                      </span>
                      <br/>
                      <span>
                        <img src="skipped.png" width="3%"/>
                        <a href="#" panel-name="suite-Command_line_suite" title="HomePageTest" class="method navigator-link" hash-for-method="testPretragePoDeluNazivaAranzmana">testPretragePoDeluNazivaAranzmana</a> <!-- method navigator-link -->
                      </span>
                      <br/>
                      <span>
                        <img src="skipped.png" width="3%"/>
                        <a href="#" panel-name="suite-Command_line_suite" title="HomePageTest" class="method navigator-link" hash-for-method="testPretragePoNazivuAranzmana">testPretragePoNazivuAranzmana</a> <!-- method navigator-link -->
                      </span>
                      <br/>
                      <span>
                        <img src="skipped.png" width="3%"/>
                        <a href="#" panel-name="suite-Command_line_suite" title="HomePageTest" class="method navigator-link" hash-for-method="testPretragePoTipuPrevozaAutobus">testPretragePoTipuPrevozaAutobus</a> <!-- method navigator-link -->
                      </span>
                      <br/>
                      <span>
                        <img src="skipped.png" width="3%"/>
                        <a href="#" panel-name="suite-Command_line_suite" title="HomePageTest" class="method navigator-link" hash-for-method="testPretragePoTipuPrevozaAvion">testPretragePoTipuPrevozaAvion</a> <!-- method navigator-link -->
                      </span>
                      <br/>
                      <span>
                        <img src="skipped.png" width="3%"/>
                        <a href="#" panel-name="suite-Command_line_suite" title="HomePageTest" class="method navigator-link" hash-for-method="testPretragePoTipuPrevozaBrod">testPretragePoTipuPrevozaBrod</a> <!-- method navigator-link -->
                      </span>
                      <br/>
                      <span>
                        <img src="skipped.png" width="3%"/>
                        <a href="#" panel-name="suite-Command_line_suite" title="HomePageTest" class="method navigator-link" hash-for-method="testPretragePoTipuPrevozaSamostalniPrevoz">testPretragePoTipuPrevozaSamostalniPrevoz</a> <!-- method navigator-link -->
                      </span>
                      <br/>
                      <span>
                        <img src="skipped.png" width="3%"/>
                        <a href="#" panel-name="suite-Command_line_suite" title="HomePageTest" class="method navigator-link" hash-for-method="testPretragePoTipuPrevozaVoz">testPretragePoTipuPrevozaVoz</a> <!-- method navigator-link -->
                      </span>
                      <br/>
                      <span>
                        <img src="skipped.png" width="3%"/>
                        <a href="#" panel-name="suite-Command_line_suite" title="HomePageTest" class="method navigator-link" hash-for-method="testPrevoz">testPrevoz</a> <!-- method navigator-link -->
                      </span>
                      <br/>
                      <span>
                        <img src="skipped.png" width="3%"/>
                        <a href="#" panel-name="suite-Command_line_suite" title="HomePageTest" class="method navigator-link" hash-for-method="testRezervacijeAranzmana">testRezervacijeAranzmana</a> <!-- method navigator-link -->
                      </span>
                      <br/>
                    </div> <!-- method-list-content skipped suite-Command_line_suite -->
                  </li>
                </ul>
              </div> <!-- suite-section-content -->
            </div> <!-- result-section -->
          </div> <!-- navigator-suite-content -->
        </div> <!-- rounded-window -->
      </div> <!-- suite -->
    </div> <!-- navigator-root -->
    <div class="wrapper">
      <div class="main-panel-root">
        <div panel-name="suite-Command_line_suite" class="panel Command_line_suite">
          <div class="suite-Command_line_suite-class-skipped">
            <div class="main-panel-header rounded-window-top">
              <img src="skipped.png"/>
              <span class="class-name">HomePageTest</span>
            </div> <!-- main-panel-header rounded-window-top -->
            <div class="main-panel-content rounded-window-bottom">
              <div class="method">
                <div class="method-content">
                  <a name="testBrojStavkiPoStrani">
                  </a> <!-- testBrojStavkiPoStrani -->
                  <span class="method-name">testBrojStavkiPoStrani</span>
                  <div class="stack-trace">org.openqa.selenium.WebDriverException: unknown error: net::ERR_CONNECTION_REFUSED
  (Session info: chrome=110.0.5481.77)
Build info: version: &apos;4.1.4&apos;, revision: &apos;535d840ee2&apos;
System info: host: &apos;dell&apos;, ip: &apos;192.168.43.161&apos;, os.name: &apos;Linux&apos;, os.arch: &apos;amd64&apos;, os.version: &apos;5.15.0-60-generic&apos;, java.version: &apos;19.0.2&apos;
Driver info: org.openqa.selenium.chrome.ChromeDriver
Command: [c2fc793ce4d39e1c313a0eccf42e31d9, get {url=http://localhost:3000}]
Capabilities {acceptInsecureCerts: false, browserName: chrome, browserVersion: 110.0.5481.77, chrome: {chromedriverVersion: 110.0.5481.77 (65ed616c6e8e..., userDataDir: /tmp/.com.google.Chrome.cbuyaS}, goog:chromeOptions: {debuggerAddress: localhost:41139}, javascriptEnabled: true, networkConnectionEnabled: false, pageLoadStrategy: normal, platform: LINUX, platformName: LINUX, proxy: Proxy(), se:cdp: ws://localhost:41139/devtoo..., se:cdpVersion: 110.0.5481.77, setWindowRect: true, strictFileInteractability: false, timeouts: {implicit: 0, pageLoad: 300000, script: 30000}, unhandledPromptBehavior: dismiss and notify, webauthn:extension:credBlob: true, webauthn:extension:largeBlob: true, webauthn:virtualAuthenticators: true}
Session ID: c2fc793ce4d39e1c313a0eccf42e31d9
	at org.openqa.selenium.remote.codec.w3c.W3CHttpResponseCodec.createException(W3CHttpResponseCodec.java:200)
	at org.openqa.selenium.remote.codec.w3c.W3CHttpResponseCodec.decode(W3CHttpResponseCodec.java:133)
	at org.openqa.selenium.remote.codec.w3c.W3CHttpResponseCodec.decode(W3CHttpResponseCodec.java:53)
	at org.openqa.selenium.remote.HttpCommandExecutor.execute(HttpCommandExecutor.java:184)
	at org.openqa.selenium.remote.service.DriverCommandExecutor.invokeExecute(DriverCommandExecutor.java:167)
	at org.openqa.selenium.remote.service.DriverCommandExecutor.execute(DriverCommandExecutor.java:142)
	at org.openqa.selenium.remote.RemoteWebDriver.execute(RemoteWebDriver.java:567)
	at org.openqa.selenium.remote.RemoteWebDriver.get(RemoteWebDriver.java:330)
	at org.openqa.selenium.remote.RemoteWebDriver$RemoteNavigation.to(RemoteWebDriver.java:1022)
	at HomePageTest.beforeMethod(HomePageTest.java:35)
	at java.base/java.util.ArrayList.forEach(ArrayList.java:1511)
... Removed 40 stack frames
</div> <!-- stack-trace -->
                </div> <!-- method-content -->
              </div> <!-- method -->
              <div class="method">
                <div class="method-content">
                  <a name="testDaLiImaBrojStavkiPoStrani100">
                  </a> <!-- testDaLiImaBrojStavkiPoStrani100 -->
                  <span class="method-name">testDaLiImaBrojStavkiPoStrani100</span>
                  <div class="stack-trace">org.openqa.selenium.WebDriverException: unknown error: net::ERR_CONNECTION_REFUSED
  (Session info: chrome=110.0.5481.77)
Build info: version: &apos;4.1.4&apos;, revision: &apos;535d840ee2&apos;
System info: host: &apos;dell&apos;, ip: &apos;192.168.43.161&apos;, os.name: &apos;Linux&apos;, os.arch: &apos;amd64&apos;, os.version: &apos;5.15.0-60-generic&apos;, java.version: &apos;19.0.2&apos;
Driver info: org.openqa.selenium.chrome.ChromeDriver
Command: [c2fc793ce4d39e1c313a0eccf42e31d9, get {url=http://localhost:3000}]
Capabilities {acceptInsecureCerts: false, browserName: chrome, browserVersion: 110.0.5481.77, chrome: {chromedriverVersion: 110.0.5481.77 (65ed616c6e8e..., userDataDir: /tmp/.com.google.Chrome.cbuyaS}, goog:chromeOptions: {debuggerAddress: localhost:41139}, javascriptEnabled: true, networkConnectionEnabled: false, pageLoadStrategy: normal, platform: LINUX, platformName: LINUX, proxy: Proxy(), se:cdp: ws://localhost:41139/devtoo..., se:cdpVersion: 110.0.5481.77, setWindowRect: true, strictFileInteractability: false, timeouts: {implicit: 0, pageLoad: 300000, script: 30000}, unhandledPromptBehavior: dismiss and notify, webauthn:extension:credBlob: true, webauthn:extension:largeBlob: true, webauthn:virtualAuthenticators: true}
Session ID: c2fc793ce4d39e1c313a0eccf42e31d9
	at org.openqa.selenium.remote.codec.w3c.W3CHttpResponseCodec.createException(W3CHttpResponseCodec.java:200)
	at org.openqa.selenium.remote.codec.w3c.W3CHttpResponseCodec.decode(W3CHttpResponseCodec.java:133)
	at org.openqa.selenium.remote.codec.w3c.W3CHttpResponseCodec.decode(W3CHttpResponseCodec.java:53)
	at org.openqa.selenium.remote.HttpCommandExecutor.execute(HttpCommandExecutor.java:184)
	at org.openqa.selenium.remote.service.DriverCommandExecutor.invokeExecute(DriverCommandExecutor.java:167)
	at org.openqa.selenium.remote.service.DriverCommandExecutor.execute(DriverCommandExecutor.java:142)
	at org.openqa.selenium.remote.RemoteWebDriver.execute(RemoteWebDriver.java:567)
	at org.openqa.selenium.remote.RemoteWebDriver.get(RemoteWebDriver.java:330)
	at org.openqa.selenium.remote.RemoteWebDriver$RemoteNavigation.to(RemoteWebDriver.java:1022)
	at HomePageTest.beforeMethod(HomePageTest.java:35)
	at java.base/java.util.ArrayList.forEach(ArrayList.java:1511)
... Removed 40 stack frames
</div> <!-- stack-trace -->
                </div> <!-- method-content -->
              </div> <!-- method -->
              <div class="method">
                <div class="method-content">
                  <a name="testDaLiImaBrojStavkiPoStrani200">
                  </a> <!-- testDaLiImaBrojStavkiPoStrani200 -->
                  <span class="method-name">testDaLiImaBrojStavkiPoStrani200</span>
                  <div class="stack-trace">org.openqa.selenium.WebDriverException: unknown error: net::ERR_CONNECTION_REFUSED
  (Session info: chrome=110.0.5481.77)
Build info: version: &apos;4.1.4&apos;, revision: &apos;535d840ee2&apos;
System info: host: &apos;dell&apos;, ip: &apos;192.168.43.161&apos;, os.name: &apos;Linux&apos;, os.arch: &apos;amd64&apos;, os.version: &apos;5.15.0-60-generic&apos;, java.version: &apos;19.0.2&apos;
Driver info: org.openqa.selenium.chrome.ChromeDriver
Command: [c2fc793ce4d39e1c313a0eccf42e31d9, get {url=http://localhost:3000}]
Capabilities {acceptInsecureCerts: false, browserName: chrome, browserVersion: 110.0.5481.77, chrome: {chromedriverVersion: 110.0.5481.77 (65ed616c6e8e..., userDataDir: /tmp/.com.google.Chrome.cbuyaS}, goog:chromeOptions: {debuggerAddress: localhost:41139}, javascriptEnabled: true, networkConnectionEnabled: false, pageLoadStrategy: normal, platform: LINUX, platformName: LINUX, proxy: Proxy(), se:cdp: ws://localhost:41139/devtoo..., se:cdpVersion: 110.0.5481.77, setWindowRect: true, strictFileInteractability: false, timeouts: {implicit: 0, pageLoad: 300000, script: 30000}, unhandledPromptBehavior: dismiss and notify, webauthn:extension:credBlob: true, webauthn:extension:largeBlob: true, webauthn:virtualAuthenticators: true}
Session ID: c2fc793ce4d39e1c313a0eccf42e31d9
	at org.openqa.selenium.remote.codec.w3c.W3CHttpResponseCodec.createException(W3CHttpResponseCodec.java:200)
	at org.openqa.selenium.remote.codec.w3c.W3CHttpResponseCodec.decode(W3CHttpResponseCodec.java:133)
	at org.openqa.selenium.remote.codec.w3c.W3CHttpResponseCodec.decode(W3CHttpResponseCodec.java:53)
	at org.openqa.selenium.remote.HttpCommandExecutor.execute(HttpCommandExecutor.java:184)
	at org.openqa.selenium.remote.service.DriverCommandExecutor.invokeExecute(DriverCommandExecutor.java:167)
	at org.openqa.selenium.remote.service.DriverCommandExecutor.execute(DriverCommandExecutor.java:142)
	at org.openqa.selenium.remote.RemoteWebDriver.execute(RemoteWebDriver.java:567)
	at org.openqa.selenium.remote.RemoteWebDriver.get(RemoteWebDriver.java:330)
	at org.openqa.selenium.remote.RemoteWebDriver$RemoteNavigation.to(RemoteWebDriver.java:1022)
	at HomePageTest.beforeMethod(HomePageTest.java:35)
	at java.base/java.util.ArrayList.forEach(ArrayList.java:1511)
... Removed 40 stack frames
</div> <!-- stack-trace -->
                </div> <!-- method-content -->
              </div> <!-- method -->
              <div class="method">
                <div class="method-content">
                  <a name="testDaLiImaBrojStavkiPoStrani25">
                  </a> <!-- testDaLiImaBrojStavkiPoStrani25 -->
                  <span class="method-name">testDaLiImaBrojStavkiPoStrani25</span>
                  <div class="stack-trace">org.openqa.selenium.WebDriverException: unknown error: net::ERR_CONNECTION_REFUSED
  (Session info: chrome=110.0.5481.77)
Build info: version: &apos;4.1.4&apos;, revision: &apos;535d840ee2&apos;
System info: host: &apos;dell&apos;, ip: &apos;192.168.43.161&apos;, os.name: &apos;Linux&apos;, os.arch: &apos;amd64&apos;, os.version: &apos;5.15.0-60-generic&apos;, java.version: &apos;19.0.2&apos;
Driver info: org.openqa.selenium.chrome.ChromeDriver
Command: [c2fc793ce4d39e1c313a0eccf42e31d9, get {url=http://localhost:3000}]
Capabilities {acceptInsecureCerts: false, browserName: chrome, browserVersion: 110.0.5481.77, chrome: {chromedriverVersion: 110.0.5481.77 (65ed616c6e8e..., userDataDir: /tmp/.com.google.Chrome.cbuyaS}, goog:chromeOptions: {debuggerAddress: localhost:41139}, javascriptEnabled: true, networkConnectionEnabled: false, pageLoadStrategy: normal, platform: LINUX, platformName: LINUX, proxy: Proxy(), se:cdp: ws://localhost:41139/devtoo..., se:cdpVersion: 110.0.5481.77, setWindowRect: true, strictFileInteractability: false, timeouts: {implicit: 0, pageLoad: 300000, script: 30000}, unhandledPromptBehavior: dismiss and notify, webauthn:extension:credBlob: true, webauthn:extension:largeBlob: true, webauthn:virtualAuthenticators: true}
Session ID: c2fc793ce4d39e1c313a0eccf42e31d9
	at org.openqa.selenium.remote.codec.w3c.W3CHttpResponseCodec.createException(W3CHttpResponseCodec.java:200)
	at org.openqa.selenium.remote.codec.w3c.W3CHttpResponseCodec.decode(W3CHttpResponseCodec.java:133)
	at org.openqa.selenium.remote.codec.w3c.W3CHttpResponseCodec.decode(W3CHttpResponseCodec.java:53)
	at org.openqa.selenium.remote.HttpCommandExecutor.execute(HttpCommandExecutor.java:184)
	at org.openqa.selenium.remote.service.DriverCommandExecutor.invokeExecute(DriverCommandExecutor.java:167)
	at org.openqa.selenium.remote.service.DriverCommandExecutor.execute(DriverCommandExecutor.java:142)
	at org.openqa.selenium.remote.RemoteWebDriver.execute(RemoteWebDriver.java:567)
	at org.openqa.selenium.remote.RemoteWebDriver.get(RemoteWebDriver.java:330)
	at org.openqa.selenium.remote.RemoteWebDriver$RemoteNavigation.to(RemoteWebDriver.java:1022)
	at HomePageTest.beforeMethod(HomePageTest.java:35)
	at java.base/java.util.ArrayList.forEach(ArrayList.java:1511)
... Removed 40 stack frames
</div> <!-- stack-trace -->
                </div> <!-- method-content -->
              </div> <!-- method -->
              <div class="method">
                <div class="method-content">
                  <a name="testDaLiImaBrojStavkiPoStrani50">
                  </a> <!-- testDaLiImaBrojStavkiPoStrani50 -->
                  <span class="method-name">testDaLiImaBrojStavkiPoStrani50</span>
                  <div class="stack-trace">org.openqa.selenium.WebDriverException: unknown error: net::ERR_CONNECTION_REFUSED
  (Session info: chrome=110.0.5481.77)
Build info: version: &apos;4.1.4&apos;, revision: &apos;535d840ee2&apos;
System info: host: &apos;dell&apos;, ip: &apos;192.168.43.161&apos;, os.name: &apos;Linux&apos;, os.arch: &apos;amd64&apos;, os.version: &apos;5.15.0-60-generic&apos;, java.version: &apos;19.0.2&apos;
Driver info: org.openqa.selenium.chrome.ChromeDriver
Command: [c2fc793ce4d39e1c313a0eccf42e31d9, get {url=http://localhost:3000}]
Capabilities {acceptInsecureCerts: false, browserName: chrome, browserVersion: 110.0.5481.77, chrome: {chromedriverVersion: 110.0.5481.77 (65ed616c6e8e..., userDataDir: /tmp/.com.google.Chrome.cbuyaS}, goog:chromeOptions: {debuggerAddress: localhost:41139}, javascriptEnabled: true, networkConnectionEnabled: false, pageLoadStrategy: normal, platform: LINUX, platformName: LINUX, proxy: Proxy(), se:cdp: ws://localhost:41139/devtoo..., se:cdpVersion: 110.0.5481.77, setWindowRect: true, strictFileInteractability: false, timeouts: {implicit: 0, pageLoad: 300000, script: 30000}, unhandledPromptBehavior: dismiss and notify, webauthn:extension:credBlob: true, webauthn:extension:largeBlob: true, webauthn:virtualAuthenticators: true}
Session ID: c2fc793ce4d39e1c313a0eccf42e31d9
	at org.openqa.selenium.remote.codec.w3c.W3CHttpResponseCodec.createException(W3CHttpResponseCodec.java:200)
	at org.openqa.selenium.remote.codec.w3c.W3CHttpResponseCodec.decode(W3CHttpResponseCodec.java:133)
	at org.openqa.selenium.remote.codec.w3c.W3CHttpResponseCodec.decode(W3CHttpResponseCodec.java:53)
	at org.openqa.selenium.remote.HttpCommandExecutor.execute(HttpCommandExecutor.java:184)
	at org.openqa.selenium.remote.service.DriverCommandExecutor.invokeExecute(DriverCommandExecutor.java:167)
	at org.openqa.selenium.remote.service.DriverCommandExecutor.execute(DriverCommandExecutor.java:142)
	at org.openqa.selenium.remote.RemoteWebDriver.execute(RemoteWebDriver.java:567)
	at org.openqa.selenium.remote.RemoteWebDriver.get(RemoteWebDriver.java:330)
	at org.openqa.selenium.remote.RemoteWebDriver$RemoteNavigation.to(RemoteWebDriver.java:1022)
	at HomePageTest.beforeMethod(HomePageTest.java:35)
	at java.base/java.util.ArrayList.forEach(ArrayList.java:1511)
... Removed 40 stack frames
</div> <!-- stack-trace -->
                </div> <!-- method-content -->
              </div> <!-- method -->
              <div class="method">
                <div class="method-content">
                  <a name="testPodrazumevanogBrojaStavkiPoStrani">
                  </a> <!-- testPodrazumevanogBrojaStavkiPoStrani -->
                  <span class="method-name">testPodrazumevanogBrojaStavkiPoStrani</span>
                  <div class="stack-trace">org.openqa.selenium.WebDriverException: unknown error: net::ERR_CONNECTION_REFUSED
  (Session info: chrome=110.0.5481.77)
Build info: version: &apos;4.1.4&apos;, revision: &apos;535d840ee2&apos;
System info: host: &apos;dell&apos;, ip: &apos;192.168.43.161&apos;, os.name: &apos;Linux&apos;, os.arch: &apos;amd64&apos;, os.version: &apos;5.15.0-60-generic&apos;, java.version: &apos;19.0.2&apos;
Driver info: org.openqa.selenium.chrome.ChromeDriver
Command: [c2fc793ce4d39e1c313a0eccf42e31d9, get {url=http://localhost:3000}]
Capabilities {acceptInsecureCerts: false, browserName: chrome, browserVersion: 110.0.5481.77, chrome: {chromedriverVersion: 110.0.5481.77 (65ed616c6e8e..., userDataDir: /tmp/.com.google.Chrome.cbuyaS}, goog:chromeOptions: {debuggerAddress: localhost:41139}, javascriptEnabled: true, networkConnectionEnabled: false, pageLoadStrategy: normal, platform: LINUX, platformName: LINUX, proxy: Proxy(), se:cdp: ws://localhost:41139/devtoo..., se:cdpVersion: 110.0.5481.77, setWindowRect: true, strictFileInteractability: false, timeouts: {implicit: 0, pageLoad: 300000, script: 30000}, unhandledPromptBehavior: dismiss and notify, webauthn:extension:credBlob: true, webauthn:extension:largeBlob: true, webauthn:virtualAuthenticators: true}
Session ID: c2fc793ce4d39e1c313a0eccf42e31d9
	at org.openqa.selenium.remote.codec.w3c.W3CHttpResponseCodec.createException(W3CHttpResponseCodec.java:200)
	at org.openqa.selenium.remote.codec.w3c.W3CHttpResponseCodec.decode(W3CHttpResponseCodec.java:133)
	at org.openqa.selenium.remote.codec.w3c.W3CHttpResponseCodec.decode(W3CHttpResponseCodec.java:53)
	at org.openqa.selenium.remote.HttpCommandExecutor.execute(HttpCommandExecutor.java:184)
	at org.openqa.selenium.remote.service.DriverCommandExecutor.invokeExecute(DriverCommandExecutor.java:167)
	at org.openqa.selenium.remote.service.DriverCommandExecutor.execute(DriverCommandExecutor.java:142)
	at org.openqa.selenium.remote.RemoteWebDriver.execute(RemoteWebDriver.java:567)
	at org.openqa.selenium.remote.RemoteWebDriver.get(RemoteWebDriver.java:330)
	at org.openqa.selenium.remote.RemoteWebDriver$RemoteNavigation.to(RemoteWebDriver.java:1022)
	at HomePageTest.beforeMethod(HomePageTest.java:35)
	at java.base/java.util.ArrayList.forEach(ArrayList.java:1511)
... Removed 40 stack frames
</div> <!-- stack-trace -->
                </div> <!-- method-content -->
              </div> <!-- method -->
              <div class="method">
                <div class="method-content">
                  <a name="testPojedinacnePonude">
                  </a> <!-- testPojedinacnePonude -->
                  <span class="method-name">testPojedinacnePonude</span>
                  <div class="stack-trace">org.openqa.selenium.WebDriverException: unknown error: net::ERR_CONNECTION_REFUSED
  (Session info: chrome=110.0.5481.77)
Build info: version: &apos;4.1.4&apos;, revision: &apos;535d840ee2&apos;
System info: host: &apos;dell&apos;, ip: &apos;192.168.43.161&apos;, os.name: &apos;Linux&apos;, os.arch: &apos;amd64&apos;, os.version: &apos;5.15.0-60-generic&apos;, java.version: &apos;19.0.2&apos;
Driver info: org.openqa.selenium.chrome.ChromeDriver
Command: [c2fc793ce4d39e1c313a0eccf42e31d9, get {url=http://localhost:3000}]
Capabilities {acceptInsecureCerts: false, browserName: chrome, browserVersion: 110.0.5481.77, chrome: {chromedriverVersion: 110.0.5481.77 (65ed616c6e8e..., userDataDir: /tmp/.com.google.Chrome.cbuyaS}, goog:chromeOptions: {debuggerAddress: localhost:41139}, javascriptEnabled: true, networkConnectionEnabled: false, pageLoadStrategy: normal, platform: LINUX, platformName: LINUX, proxy: Proxy(), se:cdp: ws://localhost:41139/devtoo..., se:cdpVersion: 110.0.5481.77, setWindowRect: true, strictFileInteractability: false, timeouts: {implicit: 0, pageLoad: 300000, script: 30000}, unhandledPromptBehavior: dismiss and notify, webauthn:extension:credBlob: true, webauthn:extension:largeBlob: true, webauthn:virtualAuthenticators: true}
Session ID: c2fc793ce4d39e1c313a0eccf42e31d9
	at org.openqa.selenium.remote.codec.w3c.W3CHttpResponseCodec.createException(W3CHttpResponseCodec.java:200)
	at org.openqa.selenium.remote.codec.w3c.W3CHttpResponseCodec.decode(W3CHttpResponseCodec.java:133)
	at org.openqa.selenium.remote.codec.w3c.W3CHttpResponseCodec.decode(W3CHttpResponseCodec.java:53)
	at org.openqa.selenium.remote.HttpCommandExecutor.execute(HttpCommandExecutor.java:184)
	at org.openqa.selenium.remote.service.DriverCommandExecutor.invokeExecute(DriverCommandExecutor.java:167)
	at org.openqa.selenium.remote.service.DriverCommandExecutor.execute(DriverCommandExecutor.java:142)
	at org.openqa.selenium.remote.RemoteWebDriver.execute(RemoteWebDriver.java:567)
	at org.openqa.selenium.remote.RemoteWebDriver.get(RemoteWebDriver.java:330)
	at org.openqa.selenium.remote.RemoteWebDriver$RemoteNavigation.to(RemoteWebDriver.java:1022)
	at HomePageTest.beforeMethod(HomePageTest.java:35)
	at java.base/java.util.ArrayList.forEach(ArrayList.java:1511)
... Removed 40 stack frames
</div> <!-- stack-trace -->
                </div> <!-- method-content -->
              </div> <!-- method -->
              <div class="method">
                <div class="method-content">
                  <a name="testPretragePoDeluNazivaAranzmana">
                  </a> <!-- testPretragePoDeluNazivaAranzmana -->
                  <span class="method-name">testPretragePoDeluNazivaAranzmana</span>
                  <div class="stack-trace">org.openqa.selenium.WebDriverException: unknown error: net::ERR_CONNECTION_REFUSED
  (Session info: chrome=110.0.5481.77)
Build info: version: &apos;4.1.4&apos;, revision: &apos;535d840ee2&apos;
System info: host: &apos;dell&apos;, ip: &apos;192.168.43.161&apos;, os.name: &apos;Linux&apos;, os.arch: &apos;amd64&apos;, os.version: &apos;5.15.0-60-generic&apos;, java.version: &apos;19.0.2&apos;
Driver info: org.openqa.selenium.chrome.ChromeDriver
Command: [c2fc793ce4d39e1c313a0eccf42e31d9, get {url=http://localhost:3000}]
Capabilities {acceptInsecureCerts: false, browserName: chrome, browserVersion: 110.0.5481.77, chrome: {chromedriverVersion: 110.0.5481.77 (65ed616c6e8e..., userDataDir: /tmp/.com.google.Chrome.cbuyaS}, goog:chromeOptions: {debuggerAddress: localhost:41139}, javascriptEnabled: true, networkConnectionEnabled: false, pageLoadStrategy: normal, platform: LINUX, platformName: LINUX, proxy: Proxy(), se:cdp: ws://localhost:41139/devtoo..., se:cdpVersion: 110.0.5481.77, setWindowRect: true, strictFileInteractability: false, timeouts: {implicit: 0, pageLoad: 300000, script: 30000}, unhandledPromptBehavior: dismiss and notify, webauthn:extension:credBlob: true, webauthn:extension:largeBlob: true, webauthn:virtualAuthenticators: true}
Session ID: c2fc793ce4d39e1c313a0eccf42e31d9
	at org.openqa.selenium.remote.codec.w3c.W3CHttpResponseCodec.createException(W3CHttpResponseCodec.java:200)
	at org.openqa.selenium.remote.codec.w3c.W3CHttpResponseCodec.decode(W3CHttpResponseCodec.java:133)
	at org.openqa.selenium.remote.codec.w3c.W3CHttpResponseCodec.decode(W3CHttpResponseCodec.java:53)
	at org.openqa.selenium.remote.HttpCommandExecutor.execute(HttpCommandExecutor.java:184)
	at org.openqa.selenium.remote.service.DriverCommandExecutor.invokeExecute(DriverCommandExecutor.java:167)
	at org.openqa.selenium.remote.service.DriverCommandExecutor.execute(DriverCommandExecutor.java:142)
	at org.openqa.selenium.remote.RemoteWebDriver.execute(RemoteWebDriver.java:567)
	at org.openqa.selenium.remote.RemoteWebDriver.get(RemoteWebDriver.java:330)
	at org.openqa.selenium.remote.RemoteWebDriver$RemoteNavigation.to(RemoteWebDriver.java:1022)
	at HomePageTest.beforeMethod(HomePageTest.java:35)
	at java.base/java.util.ArrayList.forEach(ArrayList.java:1511)
... Removed 40 stack frames
</div> <!-- stack-trace -->
                </div> <!-- method-content -->
              </div> <!-- method -->
              <div class="method">
                <div class="method-content">
                  <a name="testPretragePoNazivuAranzmana">
                  </a> <!-- testPretragePoNazivuAranzmana -->
                  <span class="method-name">testPretragePoNazivuAranzmana</span>
                  <div class="stack-trace">org.openqa.selenium.WebDriverException: unknown error: net::ERR_CONNECTION_REFUSED
  (Session info: chrome=110.0.5481.77)
Build info: version: &apos;4.1.4&apos;, revision: &apos;535d840ee2&apos;
System info: host: &apos;dell&apos;, ip: &apos;192.168.43.161&apos;, os.name: &apos;Linux&apos;, os.arch: &apos;amd64&apos;, os.version: &apos;5.15.0-60-generic&apos;, java.version: &apos;19.0.2&apos;
Driver info: org.openqa.selenium.chrome.ChromeDriver
Command: [c2fc793ce4d39e1c313a0eccf42e31d9, get {url=http://localhost:3000}]
Capabilities {acceptInsecureCerts: false, browserName: chrome, browserVersion: 110.0.5481.77, chrome: {chromedriverVersion: 110.0.5481.77 (65ed616c6e8e..., userDataDir: /tmp/.com.google.Chrome.cbuyaS}, goog:chromeOptions: {debuggerAddress: localhost:41139}, javascriptEnabled: true, networkConnectionEnabled: false, pageLoadStrategy: normal, platform: LINUX, platformName: LINUX, proxy: Proxy(), se:cdp: ws://localhost:41139/devtoo..., se:cdpVersion: 110.0.5481.77, setWindowRect: true, strictFileInteractability: false, timeouts: {implicit: 0, pageLoad: 300000, script: 30000}, unhandledPromptBehavior: dismiss and notify, webauthn:extension:credBlob: true, webauthn:extension:largeBlob: true, webauthn:virtualAuthenticators: true}
Session ID: c2fc793ce4d39e1c313a0eccf42e31d9
	at org.openqa.selenium.remote.codec.w3c.W3CHttpResponseCodec.createException(W3CHttpResponseCodec.java:200)
	at org.openqa.selenium.remote.codec.w3c.W3CHttpResponseCodec.decode(W3CHttpResponseCodec.java:133)
	at org.openqa.selenium.remote.codec.w3c.W3CHttpResponseCodec.decode(W3CHttpResponseCodec.java:53)
	at org.openqa.selenium.remote.HttpCommandExecutor.execute(HttpCommandExecutor.java:184)
	at org.openqa.selenium.remote.service.DriverCommandExecutor.invokeExecute(DriverCommandExecutor.java:167)
	at org.openqa.selenium.remote.service.DriverCommandExecutor.execute(DriverCommandExecutor.java:142)
	at org.openqa.selenium.remote.RemoteWebDriver.execute(RemoteWebDriver.java:567)
	at org.openqa.selenium.remote.RemoteWebDriver.get(RemoteWebDriver.java:330)
	at org.openqa.selenium.remote.RemoteWebDriver$RemoteNavigation.to(RemoteWebDriver.java:1022)
	at HomePageTest.beforeMethod(HomePageTest.java:35)
	at java.base/java.util.ArrayList.forEach(ArrayList.java:1511)
... Removed 40 stack frames
</div> <!-- stack-trace -->
                </div> <!-- method-content -->
              </div> <!-- method -->
              <div class="method">
                <div class="method-content">
                  <a name="testPretragePoTipuPrevozaAutobus">
                  </a> <!-- testPretragePoTipuPrevozaAutobus -->
                  <span class="method-name">testPretragePoTipuPrevozaAutobus</span>
                  <div class="stack-trace">org.openqa.selenium.WebDriverException: unknown error: net::ERR_CONNECTION_REFUSED
  (Session info: chrome=110.0.5481.77)
Build info: version: &apos;4.1.4&apos;, revision: &apos;535d840ee2&apos;
System info: host: &apos;dell&apos;, ip: &apos;192.168.43.161&apos;, os.name: &apos;Linux&apos;, os.arch: &apos;amd64&apos;, os.version: &apos;5.15.0-60-generic&apos;, java.version: &apos;19.0.2&apos;
Driver info: org.openqa.selenium.chrome.ChromeDriver
Command: [c2fc793ce4d39e1c313a0eccf42e31d9, get {url=http://localhost:3000}]
Capabilities {acceptInsecureCerts: false, browserName: chrome, browserVersion: 110.0.5481.77, chrome: {chromedriverVersion: 110.0.5481.77 (65ed616c6e8e..., userDataDir: /tmp/.com.google.Chrome.cbuyaS}, goog:chromeOptions: {debuggerAddress: localhost:41139}, javascriptEnabled: true, networkConnectionEnabled: false, pageLoadStrategy: normal, platform: LINUX, platformName: LINUX, proxy: Proxy(), se:cdp: ws://localhost:41139/devtoo..., se:cdpVersion: 110.0.5481.77, setWindowRect: true, strictFileInteractability: false, timeouts: {implicit: 0, pageLoad: 300000, script: 30000}, unhandledPromptBehavior: dismiss and notify, webauthn:extension:credBlob: true, webauthn:extension:largeBlob: true, webauthn:virtualAuthenticators: true}
Session ID: c2fc793ce4d39e1c313a0eccf42e31d9
	at org.openqa.selenium.remote.codec.w3c.W3CHttpResponseCodec.createException(W3CHttpResponseCodec.java:200)
	at org.openqa.selenium.remote.codec.w3c.W3CHttpResponseCodec.decode(W3CHttpResponseCodec.java:133)
	at org.openqa.selenium.remote.codec.w3c.W3CHttpResponseCodec.decode(W3CHttpResponseCodec.java:53)
	at org.openqa.selenium.remote.HttpCommandExecutor.execute(HttpCommandExecutor.java:184)
	at org.openqa.selenium.remote.service.DriverCommandExecutor.invokeExecute(DriverCommandExecutor.java:167)
	at org.openqa.selenium.remote.service.DriverCommandExecutor.execute(DriverCommandExecutor.java:142)
	at org.openqa.selenium.remote.RemoteWebDriver.execute(RemoteWebDriver.java:567)
	at org.openqa.selenium.remote.RemoteWebDriver.get(RemoteWebDriver.java:330)
	at org.openqa.selenium.remote.RemoteWebDriver$RemoteNavigation.to(RemoteWebDriver.java:1022)
	at HomePageTest.beforeMethod(HomePageTest.java:35)
	at java.base/java.util.ArrayList.forEach(ArrayList.java:1511)
... Removed 40 stack frames
</div> <!-- stack-trace -->
                </div> <!-- method-content -->
              </div> <!-- method -->
              <div class="method">
                <div class="method-content">
                  <a name="testPretragePoTipuPrevozaAvion">
                  </a> <!-- testPretragePoTipuPrevozaAvion -->
                  <span class="method-name">testPretragePoTipuPrevozaAvion</span>
                  <div class="stack-trace">org.openqa.selenium.WebDriverException: unknown error: net::ERR_CONNECTION_REFUSED
  (Session info: chrome=110.0.5481.77)
Build info: version: &apos;4.1.4&apos;, revision: &apos;535d840ee2&apos;
System info: host: &apos;dell&apos;, ip: &apos;192.168.43.161&apos;, os.name: &apos;Linux&apos;, os.arch: &apos;amd64&apos;, os.version: &apos;5.15.0-60-generic&apos;, java.version: &apos;19.0.2&apos;
Driver info: org.openqa.selenium.chrome.ChromeDriver
Command: [c2fc793ce4d39e1c313a0eccf42e31d9, get {url=http://localhost:3000}]
Capabilities {acceptInsecureCerts: false, browserName: chrome, browserVersion: 110.0.5481.77, chrome: {chromedriverVersion: 110.0.5481.77 (65ed616c6e8e..., userDataDir: /tmp/.com.google.Chrome.cbuyaS}, goog:chromeOptions: {debuggerAddress: localhost:41139}, javascriptEnabled: true, networkConnectionEnabled: false, pageLoadStrategy: normal, platform: LINUX, platformName: LINUX, proxy: Proxy(), se:cdp: ws://localhost:41139/devtoo..., se:cdpVersion: 110.0.5481.77, setWindowRect: true, strictFileInteractability: false, timeouts: {implicit: 0, pageLoad: 300000, script: 30000}, unhandledPromptBehavior: dismiss and notify, webauthn:extension:credBlob: true, webauthn:extension:largeBlob: true, webauthn:virtualAuthenticators: true}
Session ID: c2fc793ce4d39e1c313a0eccf42e31d9
	at org.openqa.selenium.remote.codec.w3c.W3CHttpResponseCodec.createException(W3CHttpResponseCodec.java:200)
	at org.openqa.selenium.remote.codec.w3c.W3CHttpResponseCodec.decode(W3CHttpResponseCodec.java:133)
	at org.openqa.selenium.remote.codec.w3c.W3CHttpResponseCodec.decode(W3CHttpResponseCodec.java:53)
	at org.openqa.selenium.remote.HttpCommandExecutor.execute(HttpCommandExecutor.java:184)
	at org.openqa.selenium.remote.service.DriverCommandExecutor.invokeExecute(DriverCommandExecutor.java:167)
	at org.openqa.selenium.remote.service.DriverCommandExecutor.execute(DriverCommandExecutor.java:142)
	at org.openqa.selenium.remote.RemoteWebDriver.execute(RemoteWebDriver.java:567)
	at org.openqa.selenium.remote.RemoteWebDriver.get(RemoteWebDriver.java:330)
	at org.openqa.selenium.remote.RemoteWebDriver$RemoteNavigation.to(RemoteWebDriver.java:1022)
	at HomePageTest.beforeMethod(HomePageTest.java:35)
	at java.base/java.util.ArrayList.forEach(ArrayList.java:1511)
... Removed 40 stack frames
</div> <!-- stack-trace -->
                </div> <!-- method-content -->
              </div> <!-- method -->
              <div class="method">
                <div class="method-content">
                  <a name="testPretragePoTipuPrevozaBrod">
                  </a> <!-- testPretragePoTipuPrevozaBrod -->
                  <span class="method-name">testPretragePoTipuPrevozaBrod</span>
                  <div class="stack-trace">org.openqa.selenium.WebDriverException: unknown error: net::ERR_CONNECTION_REFUSED
  (Session info: chrome=110.0.5481.77)
Build info: version: &apos;4.1.4&apos;, revision: &apos;535d840ee2&apos;
System info: host: &apos;dell&apos;, ip: &apos;192.168.43.161&apos;, os.name: &apos;Linux&apos;, os.arch: &apos;amd64&apos;, os.version: &apos;5.15.0-60-generic&apos;, java.version: &apos;19.0.2&apos;
Driver info: org.openqa.selenium.chrome.ChromeDriver
Command: [c2fc793ce4d39e1c313a0eccf42e31d9, get {url=http://localhost:3000}]
Capabilities {acceptInsecureCerts: false, browserName: chrome, browserVersion: 110.0.5481.77, chrome: {chromedriverVersion: 110.0.5481.77 (65ed616c6e8e..., userDataDir: /tmp/.com.google.Chrome.cbuyaS}, goog:chromeOptions: {debuggerAddress: localhost:41139}, javascriptEnabled: true, networkConnectionEnabled: false, pageLoadStrategy: normal, platform: LINUX, platformName: LINUX, proxy: Proxy(), se:cdp: ws://localhost:41139/devtoo..., se:cdpVersion: 110.0.5481.77, setWindowRect: true, strictFileInteractability: false, timeouts: {implicit: 0, pageLoad: 300000, script: 30000}, unhandledPromptBehavior: dismiss and notify, webauthn:extension:credBlob: true, webauthn:extension:largeBlob: true, webauthn:virtualAuthenticators: true}
Session ID: c2fc793ce4d39e1c313a0eccf42e31d9
	at org.openqa.selenium.remote.codec.w3c.W3CHttpResponseCodec.createException(W3CHttpResponseCodec.java:200)
	at org.openqa.selenium.remote.codec.w3c.W3CHttpResponseCodec.decode(W3CHttpResponseCodec.java:133)
	at org.openqa.selenium.remote.codec.w3c.W3CHttpResponseCodec.decode(W3CHttpResponseCodec.java:53)
	at org.openqa.selenium.remote.HttpCommandExecutor.execute(HttpCommandExecutor.java:184)
	at org.openqa.selenium.remote.service.DriverCommandExecutor.invokeExecute(DriverCommandExecutor.java:167)
	at org.openqa.selenium.remote.service.DriverCommandExecutor.execute(DriverCommandExecutor.java:142)
	at org.openqa.selenium.remote.RemoteWebDriver.execute(RemoteWebDriver.java:567)
	at org.openqa.selenium.remote.RemoteWebDriver.get(RemoteWebDriver.java:330)
	at org.openqa.selenium.remote.RemoteWebDriver$RemoteNavigation.to(RemoteWebDriver.java:1022)
	at HomePageTest.beforeMethod(HomePageTest.java:35)
	at java.base/java.util.ArrayList.forEach(ArrayList.java:1511)
... Removed 40 stack frames
</div> <!-- stack-trace -->
                </div> <!-- method-content -->
              </div> <!-- method -->
              <div class="method">
                <div class="method-content">
                  <a name="testPretragePoTipuPrevozaSamostalniPrevoz">
                  </a> <!-- testPretragePoTipuPrevozaSamostalniPrevoz -->
                  <span class="method-name">testPretragePoTipuPrevozaSamostalniPrevoz</span>
                  <div class="stack-trace">org.openqa.selenium.WebDriverException: unknown error: net::ERR_CONNECTION_REFUSED
  (Session info: chrome=110.0.5481.77)
Build info: version: &apos;4.1.4&apos;, revision: &apos;535d840ee2&apos;
System info: host: &apos;dell&apos;, ip: &apos;192.168.43.161&apos;, os.name: &apos;Linux&apos;, os.arch: &apos;amd64&apos;, os.version: &apos;5.15.0-60-generic&apos;, java.version: &apos;19.0.2&apos;
Driver info: org.openqa.selenium.chrome.ChromeDriver
Command: [c2fc793ce4d39e1c313a0eccf42e31d9, get {url=http://localhost:3000}]
Capabilities {acceptInsecureCerts: false, browserName: chrome, browserVersion: 110.0.5481.77, chrome: {chromedriverVersion: 110.0.5481.77 (65ed616c6e8e..., userDataDir: /tmp/.com.google.Chrome.cbuyaS}, goog:chromeOptions: {debuggerAddress: localhost:41139}, javascriptEnabled: true, networkConnectionEnabled: false, pageLoadStrategy: normal, platform: LINUX, platformName: LINUX, proxy: Proxy(), se:cdp: ws://localhost:41139/devtoo..., se:cdpVersion: 110.0.5481.77, setWindowRect: true, strictFileInteractability: false, timeouts: {implicit: 0, pageLoad: 300000, script: 30000}, unhandledPromptBehavior: dismiss and notify, webauthn:extension:credBlob: true, webauthn:extension:largeBlob: true, webauthn:virtualAuthenticators: true}
Session ID: c2fc793ce4d39e1c313a0eccf42e31d9
	at org.openqa.selenium.remote.codec.w3c.W3CHttpResponseCodec.createException(W3CHttpResponseCodec.java:200)
	at org.openqa.selenium.remote.codec.w3c.W3CHttpResponseCodec.decode(W3CHttpResponseCodec.java:133)
	at org.openqa.selenium.remote.codec.w3c.W3CHttpResponseCodec.decode(W3CHttpResponseCodec.java:53)
	at org.openqa.selenium.remote.HttpCommandExecutor.execute(HttpCommandExecutor.java:184)
	at org.openqa.selenium.remote.service.DriverCommandExecutor.invokeExecute(DriverCommandExecutor.java:167)
	at org.openqa.selenium.remote.service.DriverCommandExecutor.execute(DriverCommandExecutor.java:142)
	at org.openqa.selenium.remote.RemoteWebDriver.execute(RemoteWebDriver.java:567)
	at org.openqa.selenium.remote.RemoteWebDriver.get(RemoteWebDriver.java:330)
	at org.openqa.selenium.remote.RemoteWebDriver$RemoteNavigation.to(RemoteWebDriver.java:1022)
	at HomePageTest.beforeMethod(HomePageTest.java:35)
	at java.base/java.util.ArrayList.forEach(ArrayList.java:1511)
... Removed 40 stack frames
</div> <!-- stack-trace -->
                </div> <!-- method-content -->
              </div> <!-- method -->
              <div class="method">
                <div class="method-content">
                  <a name="testPretragePoTipuPrevozaVoz">
                  </a> <!-- testPretragePoTipuPrevozaVoz -->
                  <span class="method-name">testPretragePoTipuPrevozaVoz</span>
                  <div class="stack-trace">org.openqa.selenium.WebDriverException: unknown error: net::ERR_CONNECTION_REFUSED
  (Session info: chrome=110.0.5481.77)
Build info: version: &apos;4.1.4&apos;, revision: &apos;535d840ee2&apos;
System info: host: &apos;dell&apos;, ip: &apos;192.168.43.161&apos;, os.name: &apos;Linux&apos;, os.arch: &apos;amd64&apos;, os.version: &apos;5.15.0-60-generic&apos;, java.version: &apos;19.0.2&apos;
Driver info: org.openqa.selenium.chrome.ChromeDriver
Command: [c2fc793ce4d39e1c313a0eccf42e31d9, get {url=http://localhost:3000}]
Capabilities {acceptInsecureCerts: false, browserName: chrome, browserVersion: 110.0.5481.77, chrome: {chromedriverVersion: 110.0.5481.77 (65ed616c6e8e..., userDataDir: /tmp/.com.google.Chrome.cbuyaS}, goog:chromeOptions: {debuggerAddress: localhost:41139}, javascriptEnabled: true, networkConnectionEnabled: false, pageLoadStrategy: normal, platform: LINUX, platformName: LINUX, proxy: Proxy(), se:cdp: ws://localhost:41139/devtoo..., se:cdpVersion: 110.0.5481.77, setWindowRect: true, strictFileInteractability: false, timeouts: {implicit: 0, pageLoad: 300000, script: 30000}, unhandledPromptBehavior: dismiss and notify, webauthn:extension:credBlob: true, webauthn:extension:largeBlob: true, webauthn:virtualAuthenticators: true}
Session ID: c2fc793ce4d39e1c313a0eccf42e31d9
	at org.openqa.selenium.remote.codec.w3c.W3CHttpResponseCodec.createException(W3CHttpResponseCodec.java:200)
	at org.openqa.selenium.remote.codec.w3c.W3CHttpResponseCodec.decode(W3CHttpResponseCodec.java:133)
	at org.openqa.selenium.remote.codec.w3c.W3CHttpResponseCodec.decode(W3CHttpResponseCodec.java:53)
	at org.openqa.selenium.remote.HttpCommandExecutor.execute(HttpCommandExecutor.java:184)
	at org.openqa.selenium.remote.service.DriverCommandExecutor.invokeExecute(DriverCommandExecutor.java:167)
	at org.openqa.selenium.remote.service.DriverCommandExecutor.execute(DriverCommandExecutor.java:142)
	at org.openqa.selenium.remote.RemoteWebDriver.execute(RemoteWebDriver.java:567)
	at org.openqa.selenium.remote.RemoteWebDriver.get(RemoteWebDriver.java:330)
	at org.openqa.selenium.remote.RemoteWebDriver$RemoteNavigation.to(RemoteWebDriver.java:1022)
	at HomePageTest.beforeMethod(HomePageTest.java:35)
	at java.base/java.util.ArrayList.forEach(ArrayList.java:1511)
... Removed 40 stack frames
</div> <!-- stack-trace -->
                </div> <!-- method-content -->
              </div> <!-- method -->
              <div class="method">
                <div class="method-content">
                  <a name="testPrevoz">
                  </a> <!-- testPrevoz -->
                  <span class="method-name">testPrevoz</span>
                  <div class="stack-trace">org.openqa.selenium.WebDriverException: unknown error: net::ERR_CONNECTION_REFUSED
  (Session info: chrome=110.0.5481.77)
Build info: version: &apos;4.1.4&apos;, revision: &apos;535d840ee2&apos;
System info: host: &apos;dell&apos;, ip: &apos;192.168.43.161&apos;, os.name: &apos;Linux&apos;, os.arch: &apos;amd64&apos;, os.version: &apos;5.15.0-60-generic&apos;, java.version: &apos;19.0.2&apos;
Driver info: org.openqa.selenium.chrome.ChromeDriver
Command: [c2fc793ce4d39e1c313a0eccf42e31d9, get {url=http://localhost:3000}]
Capabilities {acceptInsecureCerts: false, browserName: chrome, browserVersion: 110.0.5481.77, chrome: {chromedriverVersion: 110.0.5481.77 (65ed616c6e8e..., userDataDir: /tmp/.com.google.Chrome.cbuyaS}, goog:chromeOptions: {debuggerAddress: localhost:41139}, javascriptEnabled: true, networkConnectionEnabled: false, pageLoadStrategy: normal, platform: LINUX, platformName: LINUX, proxy: Proxy(), se:cdp: ws://localhost:41139/devtoo..., se:cdpVersion: 110.0.5481.77, setWindowRect: true, strictFileInteractability: false, timeouts: {implicit: 0, pageLoad: 300000, script: 30000}, unhandledPromptBehavior: dismiss and notify, webauthn:extension:credBlob: true, webauthn:extension:largeBlob: true, webauthn:virtualAuthenticators: true}
Session ID: c2fc793ce4d39e1c313a0eccf42e31d9
	at org.openqa.selenium.remote.codec.w3c.W3CHttpResponseCodec.createException(W3CHttpResponseCodec.java:200)
	at org.openqa.selenium.remote.codec.w3c.W3CHttpResponseCodec.decode(W3CHttpResponseCodec.java:133)
	at org.openqa.selenium.remote.codec.w3c.W3CHttpResponseCodec.decode(W3CHttpResponseCodec.java:53)
	at org.openqa.selenium.remote.HttpCommandExecutor.execute(HttpCommandExecutor.java:184)
	at org.openqa.selenium.remote.service.DriverCommandExecutor.invokeExecute(DriverCommandExecutor.java:167)
	at org.openqa.selenium.remote.service.DriverCommandExecutor.execute(DriverCommandExecutor.java:142)
	at org.openqa.selenium.remote.RemoteWebDriver.execute(RemoteWebDriver.java:567)
	at org.openqa.selenium.remote.RemoteWebDriver.get(RemoteWebDriver.java:330)
	at org.openqa.selenium.remote.RemoteWebDriver$RemoteNavigation.to(RemoteWebDriver.java:1022)
	at HomePageTest.beforeMethod(HomePageTest.java:35)
	at java.base/java.util.ArrayList.forEach(ArrayList.java:1511)
... Removed 40 stack frames
</div> <!-- stack-trace -->
                </div> <!-- method-content -->
              </div> <!-- method -->
              <div class="method">
                <div class="method-content">
                  <a name="testRezervacijeAranzmana">
                  </a> <!-- testRezervacijeAranzmana -->
                  <span class="method-name">testRezervacijeAranzmana</span>
                  <div class="stack-trace">org.openqa.selenium.WebDriverException: unknown error: net::ERR_CONNECTION_REFUSED
  (Session info: chrome=110.0.5481.77)
Build info: version: &apos;4.1.4&apos;, revision: &apos;535d840ee2&apos;
System info: host: &apos;dell&apos;, ip: &apos;192.168.43.161&apos;, os.name: &apos;Linux&apos;, os.arch: &apos;amd64&apos;, os.version: &apos;5.15.0-60-generic&apos;, java.version: &apos;19.0.2&apos;
Driver info: org.openqa.selenium.chrome.ChromeDriver
Command: [c2fc793ce4d39e1c313a0eccf42e31d9, get {url=http://localhost:3000}]
Capabilities {acceptInsecureCerts: false, browserName: chrome, browserVersion: 110.0.5481.77, chrome: {chromedriverVersion: 110.0.5481.77 (65ed616c6e8e..., userDataDir: /tmp/.com.google.Chrome.cbuyaS}, goog:chromeOptions: {debuggerAddress: localhost:41139}, javascriptEnabled: true, networkConnectionEnabled: false, pageLoadStrategy: normal, platform: LINUX, platformName: LINUX, proxy: Proxy(), se:cdp: ws://localhost:41139/devtoo..., se:cdpVersion: 110.0.5481.77, setWindowRect: true, strictFileInteractability: false, timeouts: {implicit: 0, pageLoad: 300000, script: 30000}, unhandledPromptBehavior: dismiss and notify, webauthn:extension:credBlob: true, webauthn:extension:largeBlob: true, webauthn:virtualAuthenticators: true}
Session ID: c2fc793ce4d39e1c313a0eccf42e31d9
	at org.openqa.selenium.remote.codec.w3c.W3CHttpResponseCodec.createException(W3CHttpResponseCodec.java:200)
	at org.openqa.selenium.remote.codec.w3c.W3CHttpResponseCodec.decode(W3CHttpResponseCodec.java:133)
	at org.openqa.selenium.remote.codec.w3c.W3CHttpResponseCodec.decode(W3CHttpResponseCodec.java:53)
	at org.openqa.selenium.remote.HttpCommandExecutor.execute(HttpCommandExecutor.java:184)
	at org.openqa.selenium.remote.service.DriverCommandExecutor.invokeExecute(DriverCommandExecutor.java:167)
	at org.openqa.selenium.remote.service.DriverCommandExecutor.execute(DriverCommandExecutor.java:142)
	at org.openqa.selenium.remote.RemoteWebDriver.execute(RemoteWebDriver.java:567)
	at org.openqa.selenium.remote.RemoteWebDriver.get(RemoteWebDriver.java:330)
	at org.openqa.selenium.remote.RemoteWebDriver$RemoteNavigation.to(RemoteWebDriver.java:1022)
	at HomePageTest.beforeMethod(HomePageTest.java:35)
	at java.base/java.util.ArrayList.forEach(ArrayList.java:1511)
... Removed 40 stack frames
</div> <!-- stack-trace -->
                </div> <!-- method-content -->
              </div> <!-- method -->
            </div> <!-- main-panel-content rounded-window-bottom -->
          </div> <!-- suite-Command_line_suite-class-skipped -->
          <div class="suite-Command_line_suite-class-skipped">
            <div class="main-panel-header rounded-window-top">
              <img src="skipped.png"/>
              <span class="class-name">LoginPageTest</span>
            </div> <!-- main-panel-header rounded-window-top -->
            <div class="main-panel-content rounded-window-bottom">
              <div class="method">
                <div class="method-content">
                  <a name="testLoginAdmin">
                  </a> <!-- testLoginAdmin -->
                  <span class="method-name">testLoginAdmin</span>
                  <div class="stack-trace">org.openqa.selenium.WebDriverException: unknown error: net::ERR_CONNECTION_REFUSED
  (Session info: chrome=110.0.5481.77)
Build info: version: &apos;4.1.4&apos;, revision: &apos;535d840ee2&apos;
System info: host: &apos;dell&apos;, ip: &apos;192.168.43.161&apos;, os.name: &apos;Linux&apos;, os.arch: &apos;amd64&apos;, os.version: &apos;5.15.0-60-generic&apos;, java.version: &apos;19.0.2&apos;
Driver info: org.openqa.selenium.chrome.ChromeDriver
Command: [89acefc1dcad5f53bae1e187b09f5cf5, get {url=http://localhost:3000/login}]
Capabilities {acceptInsecureCerts: false, browserName: chrome, browserVersion: 110.0.5481.77, chrome: {chromedriverVersion: 110.0.5481.77 (65ed616c6e8e..., userDataDir: /tmp/.com.google.Chrome.Jc2g5Y}, goog:chromeOptions: {debuggerAddress: localhost:36661}, javascriptEnabled: true, networkConnectionEnabled: false, pageLoadStrategy: normal, platform: LINUX, platformName: LINUX, proxy: Proxy(), se:cdp: ws://localhost:36661/devtoo..., se:cdpVersion: 110.0.5481.77, setWindowRect: true, strictFileInteractability: false, timeouts: {implicit: 0, pageLoad: 300000, script: 30000}, unhandledPromptBehavior: dismiss and notify, webauthn:extension:credBlob: true, webauthn:extension:largeBlob: true, webauthn:virtualAuthenticators: true}
Session ID: 89acefc1dcad5f53bae1e187b09f5cf5
	at org.openqa.selenium.remote.codec.w3c.W3CHttpResponseCodec.createException(W3CHttpResponseCodec.java:200)
	at org.openqa.selenium.remote.codec.w3c.W3CHttpResponseCodec.decode(W3CHttpResponseCodec.java:133)
	at org.openqa.selenium.remote.codec.w3c.W3CHttpResponseCodec.decode(W3CHttpResponseCodec.java:53)
	at org.openqa.selenium.remote.HttpCommandExecutor.execute(HttpCommandExecutor.java:184)
	at org.openqa.selenium.remote.service.DriverCommandExecutor.invokeExecute(DriverCommandExecutor.java:167)
	at org.openqa.selenium.remote.service.DriverCommandExecutor.execute(DriverCommandExecutor.java:142)
	at org.openqa.selenium.remote.RemoteWebDriver.execute(RemoteWebDriver.java:567)
	at org.openqa.selenium.remote.RemoteWebDriver.get(RemoteWebDriver.java:330)
	at org.openqa.selenium.remote.RemoteWebDriver$RemoteNavigation.to(RemoteWebDriver.java:1022)
	at LoginPageTest.beforeMethod(LoginPageTest.java:32)
	at java.base/java.util.ArrayList.forEach(ArrayList.java:1511)
... Removed 40 stack frames
</div> <!-- stack-trace -->
                </div> <!-- method-content -->
              </div> <!-- method -->
              <div class="method">
                <div class="method-content">
                  <a name="testLoginStaff">
                  </a> <!-- testLoginStaff -->
                  <span class="method-name">testLoginStaff</span>
                  <div class="stack-trace">org.openqa.selenium.WebDriverException: unknown error: net::ERR_CONNECTION_REFUSED
  (Session info: chrome=110.0.5481.77)
Build info: version: &apos;4.1.4&apos;, revision: &apos;535d840ee2&apos;
System info: host: &apos;dell&apos;, ip: &apos;192.168.43.161&apos;, os.name: &apos;Linux&apos;, os.arch: &apos;amd64&apos;, os.version: &apos;5.15.0-60-generic&apos;, java.version: &apos;19.0.2&apos;
Driver info: org.openqa.selenium.chrome.ChromeDriver
Command: [89acefc1dcad5f53bae1e187b09f5cf5, get {url=http://localhost:3000/login}]
Capabilities {acceptInsecureCerts: false, browserName: chrome, browserVersion: 110.0.5481.77, chrome: {chromedriverVersion: 110.0.5481.77 (65ed616c6e8e..., userDataDir: /tmp/.com.google.Chrome.Jc2g5Y}, goog:chromeOptions: {debuggerAddress: localhost:36661}, javascriptEnabled: true, networkConnectionEnabled: false, pageLoadStrategy: normal, platform: LINUX, platformName: LINUX, proxy: Proxy(), se:cdp: ws://localhost:36661/devtoo..., se:cdpVersion: 110.0.5481.77, setWindowRect: true, strictFileInteractability: false, timeouts: {implicit: 0, pageLoad: 300000, script: 30000}, unhandledPromptBehavior: dismiss and notify, webauthn:extension:credBlob: true, webauthn:extension:largeBlob: true, webauthn:virtualAuthenticators: true}
Session ID: 89acefc1dcad5f53bae1e187b09f5cf5
	at org.openqa.selenium.remote.codec.w3c.W3CHttpResponseCodec.createException(W3CHttpResponseCodec.java:200)
	at org.openqa.selenium.remote.codec.w3c.W3CHttpResponseCodec.decode(W3CHttpResponseCodec.java:133)
	at org.openqa.selenium.remote.codec.w3c.W3CHttpResponseCodec.decode(W3CHttpResponseCodec.java:53)
	at org.openqa.selenium.remote.HttpCommandExecutor.execute(HttpCommandExecutor.java:184)
	at org.openqa.selenium.remote.service.DriverCommandExecutor.invokeExecute(DriverCommandExecutor.java:167)
	at org.openqa.selenium.remote.service.DriverCommandExecutor.execute(DriverCommandExecutor.java:142)
	at org.openqa.selenium.remote.RemoteWebDriver.execute(RemoteWebDriver.java:567)
	at org.openqa.selenium.remote.RemoteWebDriver.get(RemoteWebDriver.java:330)
	at org.openqa.selenium.remote.RemoteWebDriver$RemoteNavigation.to(RemoteWebDriver.java:1022)
	at LoginPageTest.beforeMethod(LoginPageTest.java:32)
	at java.base/java.util.ArrayList.forEach(ArrayList.java:1511)
... Removed 40 stack frames
</div> <!-- stack-trace -->
                </div> <!-- method-content -->
              </div> <!-- method -->
            </div> <!-- main-panel-content rounded-window-bottom -->
          </div> <!-- suite-Command_line_suite-class-skipped -->
          <div class="suite-Command_line_suite-class-skipped">
            <div class="main-panel-header rounded-window-top">
              <img src="skipped.png"/>
              <span class="class-name">AdminTest</span>
            </div> <!-- main-panel-header rounded-window-top -->
            <div class="main-panel-content rounded-window-bottom">
              <div class="method">
                <div class="method-content">
                  <a name="brisanjeAranzmana">
                  </a> <!-- brisanjeAranzmana -->
                  <span class="method-name">brisanjeAranzmana</span>
                  <div class="stack-trace">org.openqa.selenium.WebDriverException: unknown error: net::ERR_CONNECTION_REFUSED
  (Session info: chrome=110.0.5481.77)
Build info: version: &apos;4.1.4&apos;, revision: &apos;535d840ee2&apos;
System info: host: &apos;dell&apos;, ip: &apos;192.168.43.161&apos;, os.name: &apos;Linux&apos;, os.arch: &apos;amd64&apos;, os.version: &apos;5.15.0-60-generic&apos;, java.version: &apos;19.0.2&apos;
Driver info: org.openqa.selenium.chrome.ChromeDriver
Command: [1fb015f75405808faf86ec80914a4c19, get {url=http://localhost:3000/login}]
Capabilities {acceptInsecureCerts: false, browserName: chrome, browserVersion: 110.0.5481.77, chrome: {chromedriverVersion: 110.0.5481.77 (65ed616c6e8e..., userDataDir: /tmp/.com.google.Chrome.cWF72a}, goog:chromeOptions: {debuggerAddress: localhost:36321}, javascriptEnabled: true, networkConnectionEnabled: false, pageLoadStrategy: normal, platform: LINUX, platformName: LINUX, proxy: Proxy(), se:cdp: ws://localhost:36321/devtoo..., se:cdpVersion: 110.0.5481.77, setWindowRect: true, strictFileInteractability: false, timeouts: {implicit: 0, pageLoad: 300000, script: 30000}, unhandledPromptBehavior: dismiss and notify, webauthn:extension:credBlob: true, webauthn:extension:largeBlob: true, webauthn:virtualAuthenticators: true}
Session ID: 1fb015f75405808faf86ec80914a4c19
	at org.openqa.selenium.remote.codec.w3c.W3CHttpResponseCodec.createException(W3CHttpResponseCodec.java:200)
	at org.openqa.selenium.remote.codec.w3c.W3CHttpResponseCodec.decode(W3CHttpResponseCodec.java:133)
	at org.openqa.selenium.remote.codec.w3c.W3CHttpResponseCodec.decode(W3CHttpResponseCodec.java:53)
	at org.openqa.selenium.remote.HttpCommandExecutor.execute(HttpCommandExecutor.java:184)
	at org.openqa.selenium.remote.service.DriverCommandExecutor.invokeExecute(DriverCommandExecutor.java:167)
	at org.openqa.selenium.remote.service.DriverCommandExecutor.execute(DriverCommandExecutor.java:142)
	at org.openqa.selenium.remote.RemoteWebDriver.execute(RemoteWebDriver.java:567)
	at org.openqa.selenium.remote.RemoteWebDriver.get(RemoteWebDriver.java:330)
	at org.openqa.selenium.remote.RemoteWebDriver$RemoteNavigation.to(RemoteWebDriver.java:1022)
	at AdminTest.beforeMethod(AdminTest.java:37)
	at java.base/java.util.ArrayList.forEach(ArrayList.java:1511)
... Removed 40 stack frames
</div> <!-- stack-trace -->
                </div> <!-- method-content -->
              </div> <!-- method -->
              <div class="method">
                <div class="method-content">
                  <a name="testDodajAranzman">
                  </a> <!-- testDodajAranzman -->
                  <span class="method-name">testDodajAranzman</span>
                  <div class="stack-trace">org.openqa.selenium.WebDriverException: unknown error: net::ERR_CONNECTION_REFUSED
  (Session info: chrome=110.0.5481.77)
Build info: version: &apos;4.1.4&apos;, revision: &apos;535d840ee2&apos;
System info: host: &apos;dell&apos;, ip: &apos;192.168.43.161&apos;, os.name: &apos;Linux&apos;, os.arch: &apos;amd64&apos;, os.version: &apos;5.15.0-60-generic&apos;, java.version: &apos;19.0.2&apos;
Driver info: org.openqa.selenium.chrome.ChromeDriver
Command: [1fb015f75405808faf86ec80914a4c19, get {url=http://localhost:3000/login}]
Capabilities {acceptInsecureCerts: false, browserName: chrome, browserVersion: 110.0.5481.77, chrome: {chromedriverVersion: 110.0.5481.77 (65ed616c6e8e..., userDataDir: /tmp/.com.google.Chrome.cWF72a}, goog:chromeOptions: {debuggerAddress: localhost:36321}, javascriptEnabled: true, networkConnectionEnabled: false, pageLoadStrategy: normal, platform: LINUX, platformName: LINUX, proxy: Proxy(), se:cdp: ws://localhost:36321/devtoo..., se:cdpVersion: 110.0.5481.77, setWindowRect: true, strictFileInteractability: false, timeouts: {implicit: 0, pageLoad: 300000, script: 30000}, unhandledPromptBehavior: dismiss and notify, webauthn:extension:credBlob: true, webauthn:extension:largeBlob: true, webauthn:virtualAuthenticators: true}
Session ID: 1fb015f75405808faf86ec80914a4c19
	at org.openqa.selenium.remote.codec.w3c.W3CHttpResponseCodec.createException(W3CHttpResponseCodec.java:200)
	at org.openqa.selenium.remote.codec.w3c.W3CHttpResponseCodec.decode(W3CHttpResponseCodec.java:133)
	at org.openqa.selenium.remote.codec.w3c.W3CHttpResponseCodec.decode(W3CHttpResponseCodec.java:53)
	at org.openqa.selenium.remote.HttpCommandExecutor.execute(HttpCommandExecutor.java:184)
	at org.openqa.selenium.remote.service.DriverCommandExecutor.invokeExecute(DriverCommandExecutor.java:167)
	at org.openqa.selenium.remote.service.DriverCommandExecutor.execute(DriverCommandExecutor.java:142)
	at org.openqa.selenium.remote.RemoteWebDriver.execute(RemoteWebDriver.java:567)
	at org.openqa.selenium.remote.RemoteWebDriver.get(RemoteWebDriver.java:330)
	at org.openqa.selenium.remote.RemoteWebDriver$RemoteNavigation.to(RemoteWebDriver.java:1022)
	at AdminTest.beforeMethod(AdminTest.java:37)
	at java.base/java.util.ArrayList.forEach(ArrayList.java:1511)
... Removed 40 stack frames
</div> <!-- stack-trace -->
                </div> <!-- method-content -->
              </div> <!-- method -->
            </div> <!-- main-panel-content rounded-window-bottom -->
          </div> <!-- suite-Command_line_suite-class-skipped -->
        </div> <!-- panel Command_line_suite -->
        <div panel-name="test-xml-Command_line_suite" class="panel">
          <div class="main-panel-header rounded-window-top">
          </div> <!-- main-panel-header rounded-window-top -->
          <div class="main-panel-content rounded-window-bottom">
            <pre>
&lt;?xml version=&quot;1.0&quot; encoding=&quot;UTF-8&quot;?&gt;
&lt;!DOCTYPE suite SYSTEM &quot;https://testng.org/testng-1.0.dtd&quot;&gt;
&lt;suite name=&quot;Command line suite&quot; verbose=&quot;0&quot;&gt;
  &lt;test thread-count=&quot;5&quot; name=&quot;Command line test&quot; verbose=&quot;0&quot;&gt;
    &lt;classes&gt;
      &lt;class name=&quot;HomePageTest&quot;/&gt;
      &lt;class name=&quot;AdminTest&quot;/&gt;
      &lt;class name=&quot;LoginPageTest&quot;/&gt;
    &lt;/classes&gt;
  &lt;/test&gt; &lt;!-- Command line test --&gt;
&lt;/suite&gt; &lt;!-- Command line suite --&gt;
            </pre>
          </div> <!-- main-panel-content rounded-window-bottom -->
        </div> <!-- panel -->
        <div panel-name="testlist-Command_line_suite" class="panel">
          <div class="main-panel-header rounded-window-top">
            <span class="header-content">Tests for Command line suite</span>
          </div> <!-- main-panel-header rounded-window-top -->
          <div class="main-panel-content rounded-window-bottom">
            <ul>
              <li>
                <span class="test-name">Command line test (3 classes)</span>
              </li>
            </ul>
          </div> <!-- main-panel-content rounded-window-bottom -->
        </div> <!-- panel -->
        <div panel-name="group-Command_line_suite" class="panel">
          <div class="main-panel-header rounded-window-top">
            <span class="header-content">Groups for Command line suite</span>
          </div> <!-- main-panel-header rounded-window-top -->
          <div class="main-panel-content rounded-window-bottom">
          </div> <!-- main-panel-content rounded-window-bottom -->
        </div> <!-- panel -->
        <div panel-name="times-Command_line_suite" class="panel">
          <div class="main-panel-header rounded-window-top">
            <span class="header-content">Times for Command line suite</span>
          </div> <!-- main-panel-header rounded-window-top -->
          <div class="main-panel-content rounded-window-bottom">
            <div class="times-div">
              <script type="text/javascript">
suiteTableInitFunctions.push('tableData_Command_line_suite');
function tableData_Command_line_suite() {
var data = new google.visualization.DataTable();
data.addColumn('number', 'Number');
data.addColumn('string', 'Method');
data.addColumn('string', 'Class');
data.addColumn('number', 'Time (ms)');
data.addRows(20);
data.setCell(0, 0, 0)
data.setCell(0, 1, 'testPretragePoTipuPrevozaVoz')
data.setCell(0, 2, 'HomePageTest')
data.setCell(0, 3, 0);
data.setCell(1, 0, 1)
data.setCell(1, 1, 'testDodajAranzman')
data.setCell(1, 2, 'AdminTest')
data.setCell(1, 3, 0);
data.setCell(2, 0, 2)
data.setCell(2, 1, 'testLoginAdmin')
data.setCell(2, 2, 'LoginPageTest')
data.setCell(2, 3, 0);
data.setCell(3, 0, 3)
data.setCell(3, 1, 'testBrojStavkiPoStrani')
data.setCell(3, 2, 'HomePageTest')
data.setCell(3, 3, 0);
data.setCell(4, 0, 4)
data.setCell(4, 1, 'testDaLiImaBrojStavkiPoStrani50')
data.setCell(4, 2, 'HomePageTest')
data.setCell(4, 3, 0);
data.setCell(5, 0, 5)
data.setCell(5, 1, 'testRezervacijeAranzmana')
data.setCell(5, 2, 'HomePageTest')
data.setCell(5, 3, 0);
data.setCell(6, 0, 6)
data.setCell(6, 1, 'testDaLiImaBrojStavkiPoStrani25')
data.setCell(6, 2, 'HomePageTest')
data.setCell(6, 3, 0);
data.setCell(7, 0, 7)
data.setCell(7, 1, 'testPretragePoDeluNazivaAranzmana')
data.setCell(7, 2, 'HomePageTest')
data.setCell(7, 3, 0);
data.setCell(8, 0, 8)
data.setCell(8, 1, 'testLoginStaff')
data.setCell(8, 2, 'LoginPageTest')
data.setCell(8, 3, 0);
data.setCell(9, 0, 9)
data.setCell(9, 1, 'testPretragePoTipuPrevozaSamostalniPrevoz')
data.setCell(9, 2, 'HomePageTest')
data.setCell(9, 3, 0);
data.setCell(10, 0, 10)
data.setCell(10, 1, 'testPretragePoTipuPrevozaAutobus')
data.setCell(10, 2, 'HomePageTest')
data.setCell(10, 3, 0);
data.setCell(11, 0, 11)
data.setCell(11, 1, 'testPretragePoTipuPrevozaAvion')
data.setCell(11, 2, 'HomePageTest')
data.setCell(11, 3, 0);
data.setCell(12, 0, 12)
data.setCell(12, 1, 'testPretragePoNazivuAranzmana')
data.setCell(12, 2, 'HomePageTest')
data.setCell(12, 3, 0);
data.setCell(13, 0, 13)
data.setCell(13, 1, 'testPojedinacnePonude')
data.setCell(13, 2, 'HomePageTest')
data.setCell(13, 3, 0);
data.setCell(14, 0, 14)
data.setCell(14, 1, 'brisanjeAranzmana')
data.setCell(14, 2, 'AdminTest')
data.setCell(14, 3, 0);
data.setCell(15, 0, 15)
data.setCell(15, 1, 'testPodrazumevanogBrojaStavkiPoStrani')
data.setCell(15, 2, 'HomePageTest')
data.setCell(15, 3, 0);
data.setCell(16, 0, 16)
data.setCell(16, 1, 'testPretragePoTipuPrevozaBrod')
data.setCell(16, 2, 'HomePageTest')
data.setCell(16, 3, 0);
data.setCell(17, 0, 17)
data.setCell(17, 1, 'testDaLiImaBrojStavkiPoStrani200')
data.setCell(17, 2, 'HomePageTest')
data.setCell(17, 3, 0);
data.setCell(18, 0, 18)
data.setCell(18, 1, 'testDaLiImaBrojStavkiPoStrani100')
data.setCell(18, 2, 'HomePageTest')
data.setCell(18, 3, 0);
data.setCell(19, 0, 19)
data.setCell(19, 1, 'testPrevoz')
data.setCell(19, 2, 'HomePageTest')
data.setCell(19, 3, 0);
window.suiteTableData['Command_line_suite']= { tableData: data, tableDiv: 'times-div-Command_line_suite'}
return data;
}
              </script>
              <span class="suite-total-time">Total running time: 0 ms</span>
              <div id="times-div-Command_line_suite">
              </div> <!-- times-div-Command_line_suite -->
            </div> <!-- times-div -->
          </div> <!-- main-panel-content rounded-window-bottom -->
        </div> <!-- panel -->
        <div panel-name="reporter-Command_line_suite" class="panel">
          <div class="main-panel-header rounded-window-top">
            <span class="header-content">Reporter output for Command line suite</span>
          </div> <!-- main-panel-header rounded-window-top -->
          <div class="main-panel-content rounded-window-bottom">
          </div> <!-- main-panel-content rounded-window-bottom -->
        </div> <!-- panel -->
        <div panel-name="ignored-methods-Command_line_suite" class="panel">
          <div class="main-panel-header rounded-window-top">
            <span class="header-content">3 ignored methods</span>
          </div> <!-- main-panel-header rounded-window-top -->
          <div class="main-panel-content rounded-window-bottom">
            <div class="ignored-class-div">
              <span class="ignored-class-name">HomePageTest</span>
              <div class="ignored-methods-div">
                <span class="ignored-method-name">testPretragePoDrzavi</span>
                <br/>
                <span class="ignored-method-name">testPretragePoGradu</span>
                <br/>
              </div> <!-- ignored-methods-div -->
            </div> <!-- ignored-class-div -->
            <div class="ignored-class-div">
              <span class="ignored-class-name">AdminTest</span>
              <div class="ignored-methods-div">
                <span class="ignored-method-name">azuriranjeAranzmana</span>
                <br/>
              </div> <!-- ignored-methods-div -->
            </div> <!-- ignored-class-div -->
          </div> <!-- main-panel-content rounded-window-bottom -->
        </div> <!-- panel -->
        <div panel-name="chronological-Command_line_suite" class="panel">
          <div class="main-panel-header rounded-window-top">
            <span class="header-content">Methods in chronological order</span>
          </div> <!-- main-panel-header rounded-window-top -->
          <div class="main-panel-content rounded-window-bottom">
            <div class="chronological-class">
              <div class="chronological-class-name">AdminTest</div> <!-- chronological-class-name -->
              <div class="configuration-suite before">
                <span class="method-name">setUp</span>
                <span class="method-start">0 ms</span>
              </div> <!-- configuration-suite before -->
            </div> <!-- chronological-class -->
            <div class="chronological-class">
              <div class="chronological-class-name">HomePageTest</div> <!-- chronological-class-name -->
              <div class="configuration-suite before">
                <span class="method-name">setUp</span>
                <span class="method-start">6469 ms</span>
              </div> <!-- configuration-suite before -->
            </div> <!-- chronological-class -->
            <div class="chronological-class">
              <div class="chronological-class-name">LoginPageTest</div> <!-- chronological-class-name -->
              <div class="configuration-suite before">
                <span class="method-name">setUp</span>
                <span class="method-start">6497 ms</span>
              </div> <!-- configuration-suite before -->
            </div> <!-- chronological-class -->
            <div class="chronological-class">
              <div class="chronological-class-name">HomePageTest</div> <!-- chronological-class-name -->
              <div class="configuration-method before">
                <img src="failed.png">
                </img>
                <span class="method-name">beforeMethod</span>
                <span class="method-start">6537 ms</span>
              </div> <!-- configuration-method before -->
              <div class="test-method">
                <span class="method-name">testBrojStavkiPoStrani</span>
                <span class="method-start">8229 ms</span>
              </div> <!-- test-method -->
              <div class="configuration-method after">
                <span class="method-name">close</span>
                <span class="method-start">8231 ms</span>
              </div> <!-- configuration-method after -->
              <div class="configuration-method before">
                <span class="method-name">beforeMethod</span>
                <span class="method-start">8232 ms</span>
              </div> <!-- configuration-method before -->
              <div class="test-method">
                <span class="method-name">testDaLiImaBrojStavkiPoStrani100</span>
                <span class="method-start">8232 ms</span>
              </div> <!-- test-method -->
              <div class="configuration-method after">
                <span class="method-name">close</span>
                <span class="method-start">8233 ms</span>
              </div> <!-- configuration-method after -->
              <div class="configuration-method before">
                <span class="method-name">beforeMethod</span>
                <span class="method-start">8234 ms</span>
              </div> <!-- configuration-method before -->
              <div class="configuration-method after">
                <span class="method-name">close</span>
                <span class="method-start">8234 ms</span>
              </div> <!-- configuration-method after -->
              <div class="test-method">
                <span class="method-name">testDaLiImaBrojStavkiPoStrani200</span>
                <span class="method-start">8234 ms</span>
              </div> <!-- test-method -->
              <div class="configuration-method before">
                <span class="method-name">beforeMethod</span>
                <span class="method-start">8235 ms</span>
              </div> <!-- configuration-method before -->
              <div class="test-method">
                <span class="method-name">testDaLiImaBrojStavkiPoStrani25</span>
                <span class="method-start">8235 ms</span>
              </div> <!-- test-method -->
              <div class="configuration-method after">
                <span class="method-name">close</span>
                <span class="method-start">8236 ms</span>
              </div> <!-- configuration-method after -->
              <div class="configuration-method before">
                <span class="method-name">beforeMethod</span>
                <span class="method-start">8236 ms</span>
              </div> <!-- configuration-method before -->
              <div class="test-method">
                <span class="method-name">testDaLiImaBrojStavkiPoStrani50</span>
                <span class="method-start">8237 ms</span>
              </div> <!-- test-method -->
              <div class="configuration-method after">
                <span class="method-name">close</span>
                <span class="method-start">8237 ms</span>
              </div> <!-- configuration-method after -->
              <div class="test-method">
                <span class="method-name">testPodrazumevanogBrojaStavkiPoStrani</span>
                <span class="method-start">8238 ms</span>
              </div> <!-- test-method -->
              <div class="configuration-method before">
                <span class="method-name">beforeMethod</span>
                <span class="method-start">8238 ms</span>
              </div> <!-- configuration-method before -->
              <div class="configuration-method after">
                <span class="method-name">close</span>
                <span class="method-start">8238 ms</span>
              </div> <!-- configuration-method after -->
              <div class="test-method">
                <span class="method-name">testPojedinacnePonude</span>
                <span class="method-start">8239 ms</span>
              </div> <!-- test-method -->
              <div class="configuration-method before">
                <span class="method-name">beforeMethod</span>
                <span class="method-start">8239 ms</span>
              </div> <!-- configuration-method before -->
              <div class="configuration-method after">
                <span class="method-name">close</span>
                <span class="method-start">8239 ms</span>
              </div> <!-- configuration-method after -->
              <div class="configuration-method before">
                <span class="method-name">beforeMethod</span>
                <span class="method-start">8240 ms</span>
              </div> <!-- configuration-method before -->
              <div class="test-method">
                <span class="method-name">testPretragePoDeluNazivaAranzmana</span>
                <span class="method-start">8240 ms</span>
              </div> <!-- test-method -->
              <div class="configuration-method before">
                <span class="method-name">beforeMethod</span>
                <span class="method-start">8241 ms</span>
              </div> <!-- configuration-method before -->
              <div class="configuration-method after">
                <span class="method-name">close</span>
                <span class="method-start">8241 ms</span>
              </div> <!-- configuration-method after -->
              <div class="configuration-method after">
                <span class="method-name">close</span>
                <span class="method-start">8242 ms</span>
              </div> <!-- configuration-method after -->
              <div class="test-method">
                <span class="method-name">testPretragePoNazivuAranzmana</span>
                <span class="method-start">8242 ms</span>
              </div> <!-- test-method -->
              <div class="configuration-method before">
                <span class="method-name">beforeMethod</span>
                <span class="method-start">8243 ms</span>
              </div> <!-- configuration-method before -->
              <div class="test-method">
                <span class="method-name">testPretragePoTipuPrevozaAutobus</span>
                <span class="method-start">8243 ms</span>
              </div> <!-- test-method -->
              <div class="configuration-method after">
                <span class="method-name">close</span>
                <span class="method-start">8244 ms</span>
              </div> <!-- configuration-method after -->
              <div class="configuration-method after">
                <span class="method-name">close</span>
                <span class="method-start">8245 ms</span>
              </div> <!-- configuration-method after -->
              <div class="test-method">
                <span class="method-name">testPretragePoTipuPrevozaAvion</span>
                <span class="method-start">8245 ms</span>
              </div> <!-- test-method -->
              <div class="configuration-method before">
                <span class="method-name">beforeMethod</span>
                <span class="method-start">8245 ms</span>
              </div> <!-- configuration-method before -->
              <div class="configuration-method after">
                <span class="method-name">close</span>
                <span class="method-start">8247 ms</span>
              </div> <!-- configuration-method after -->
              <div class="configuration-method before">
                <span class="method-name">beforeMethod</span>
                <span class="method-start">8247 ms</span>
              </div> <!-- configuration-method before -->
              <div class="test-method">
                <span class="method-name">testPretragePoTipuPrevozaBrod</span>
                <span class="method-start">8247 ms</span>
              </div> <!-- test-method -->
              <div class="configuration-method before">
                <span class="method-name">beforeMethod</span>
                <span class="method-start">8248 ms</span>
              </div> <!-- configuration-method before -->
              <div class="test-method">
                <span class="method-name">testPretragePoTipuPrevozaSamostalniPrevoz</span>
                <span class="method-start">8249 ms</span>
              </div> <!-- test-method -->
              <div class="configuration-method after">
                <span class="method-name">close</span>
                <span class="method-start">8249 ms</span>
              </div> <!-- configuration-method after -->
              <div class="configuration-method after">
                <span class="method-name">close</span>
                <span class="method-start">8250 ms</span>
              </div> <!-- configuration-method after -->
              <div class="test-method">
                <span class="method-name">testPretragePoTipuPrevozaVoz</span>
                <span class="method-start">8250 ms</span>
              </div> <!-- test-method -->
              <div class="configuration-method before">
                <span class="method-name">beforeMethod</span>
                <span class="method-start">8250 ms</span>
              </div> <!-- configuration-method before -->
              <div class="configuration-method before">
                <span class="method-name">beforeMethod</span>
                <span class="method-start">8251 ms</span>
              </div> <!-- configuration-method before -->
              <div class="configuration-method after">
                <span class="method-name">close</span>
                <span class="method-start">8251 ms</span>
              </div> <!-- configuration-method after -->
              <div class="test-method">
                <span class="method-name">testPrevoz</span>
                <span class="method-start">8251 ms</span>
              </div> <!-- test-method -->
              <div class="configuration-method before">
                <span class="method-name">beforeMethod</span>
                <span class="method-start">8252 ms</span>
              </div> <!-- configuration-method before -->
              <div class="configuration-method after">
                <span class="method-name">close</span>
                <span class="method-start">8253 ms</span>
              </div> <!-- configuration-method after -->
              <div class="test-method">
                <span class="method-name">testRezervacijeAranzmana</span>
                <span class="method-start">8253 ms</span>
              </div> <!-- test-method -->
            </div> <!-- chronological-class -->
            <div class="chronological-class">
              <div class="chronological-class-name">AdminTest</div> <!-- chronological-class-name -->
              <div class="configuration-method before">
                <img src="failed.png">
                </img>
                <span class="method-name">beforeMethod</span>
                <span class="method-start">8255 ms</span>
              </div> <!-- configuration-method before -->
              <div class="test-method">
                <span class="method-name">brisanjeAranzmana</span>
                <span class="method-start">9512 ms</span>
              </div> <!-- test-method -->
              <div class="configuration-method after">
                <span class="method-name">close</span>
                <span class="method-start">9513 ms</span>
              </div> <!-- configuration-method after -->
              <div class="configuration-method before">
                <span class="method-name">beforeMethod</span>
                <span class="method-start">9514 ms</span>
              </div> <!-- configuration-method before -->
              <div class="test-method">
                <span class="method-name">testDodajAranzman</span>
                <span class="method-start">9515 ms</span>
              </div> <!-- test-method -->
              <div class="configuration-method after">
                <span class="method-name">close</span>
                <span class="method-start">9515 ms</span>
              </div> <!-- configuration-method after -->
            </div> <!-- chronological-class -->
            <div class="chronological-class">
              <div class="chronological-class-name">LoginPageTest</div> <!-- chronological-class-name -->
              <div class="configuration-method before">
                <img src="failed.png">
                </img>
                <span class="method-name">beforeMethod</span>
                <span class="method-start">9517 ms</span>
              </div> <!-- configuration-method before -->
              <div class="test-method">
                <span class="method-name">testLoginAdmin</span>
                <span class="method-start">10907 ms</span>
              </div> <!-- test-method -->
              <div class="configuration-method after">
                <span class="method-name">close</span>
                <span class="method-start">10908 ms</span>
              </div> <!-- configuration-method after -->
              <div class="test-method">
                <span class="method-name">testLoginStaff</span>
                <span class="method-start">10911 ms</span>
              </div> <!-- test-method -->
              <div class="configuration-method before">
                <span class="method-name">beforeMethod</span>
                <span class="method-start">10911 ms</span>
              </div> <!-- configuration-method before -->
              <div class="configuration-method after">
                <span class="method-name">close</span>
                <span class="method-start">10912 ms</span>
              </div> <!-- configuration-method after -->
          </div> <!-- main-panel-content rounded-window-bottom -->
        </div> <!-- panel -->
      </div> <!-- main-panel-root -->
    </div> <!-- wrapper -->
  </body>
<script type="text/javascript" src="testng-reports2.js"></script>
</html>
